<?xml version="1.0" encoding="UTF-8"?>
<testsuite name="bdbe.bdbd.reservation.ReservationRestControllerTest" tests="6" skipped="0" failures="3" errors="0" timestamp="2023-11-10T12:23:55" hostname="MacBook-Pro.local" time="0.509">
  <properties/>
  <testcase name="예약 취소 기능" classname="bdbe.bdbd.reservation.ReservationRestControllerTest" time="0.078">
    <failure message="java.lang.AssertionError: No value at JSON path &quot;$.success&quot;" type="java.lang.AssertionError">java.lang.AssertionError: No value at JSON path &quot;$.success&quot;
	at org.springframework.test.util.JsonPathExpectationsHelper.evaluateJsonPath(JsonPathExpectationsHelper.java:304)
	at org.springframework.test.util.JsonPathExpectationsHelper.assertValue(JsonPathExpectationsHelper.java:99)
	at org.springframework.test.web.servlet.result.JsonPathResultMatchers.lambda$value$2(JsonPathResultMatchers.java:111)
	at org.springframework.test.web.servlet.MockMvc$1.andExpect(MockMvc.java:214)
	at bdbe.bdbd.reservation.ReservationRestControllerTest.deleteReservation_test(ReservationRestControllerTest.java:131)
	at java.base/jdk.internal.reflect.NativeMethodAccessorImpl.invoke0(Native Method)
	at java.base/jdk.internal.reflect.NativeMethodAccessorImpl.invoke(NativeMethodAccessorImpl.java:62)
	at java.base/jdk.internal.reflect.DelegatingMethodAccessorImpl.invoke(DelegatingMethodAccessorImpl.java:43)
	at java.base/java.lang.reflect.Method.invoke(Method.java:566)
	at org.junit.platform.commons.util.ReflectionUtils.invokeMethod(ReflectionUtils.java:725)
	at org.junit.jupiter.engine.execution.MethodInvocation.proceed(MethodInvocation.java:60)
	at org.junit.jupiter.engine.execution.InvocationInterceptorChain$ValidatingInvocation.proceed(InvocationInterceptorChain.java:131)
	at org.junit.jupiter.engine.extension.TimeoutExtension.intercept(TimeoutExtension.java:149)
	at org.junit.jupiter.engine.extension.TimeoutExtension.interceptTestableMethod(TimeoutExtension.java:140)
	at org.junit.jupiter.engine.extension.TimeoutExtension.interceptTestMethod(TimeoutExtension.java:84)
	at org.junit.jupiter.engine.execution.ExecutableInvoker$ReflectiveInterceptorCall.lambda$ofVoidMethod$0(ExecutableInvoker.java:115)
	at org.junit.jupiter.engine.execution.ExecutableInvoker.lambda$invoke$0(ExecutableInvoker.java:105)
	at org.junit.jupiter.engine.execution.InvocationInterceptorChain$InterceptedInvocation.proceed(InvocationInterceptorChain.java:106)
	at org.junit.jupiter.engine.execution.InvocationInterceptorChain.proceed(InvocationInterceptorChain.java:64)
	at org.junit.jupiter.engine.execution.InvocationInterceptorChain.chainAndInvoke(InvocationInterceptorChain.java:45)
	at org.junit.jupiter.engine.execution.InvocationInterceptorChain.invoke(InvocationInterceptorChain.java:37)
	at org.junit.jupiter.engine.execution.ExecutableInvoker.invoke(ExecutableInvoker.java:104)
	at org.junit.jupiter.engine.execution.ExecutableInvoker.invoke(ExecutableInvoker.java:98)
	at org.junit.jupiter.engine.descriptor.TestMethodTestDescriptor.lambda$invokeTestMethod$7(TestMethodTestDescriptor.java:214)
	at org.junit.platform.engine.support.hierarchical.ThrowableCollector.execute(ThrowableCollector.java:73)
	at org.junit.jupiter.engine.descriptor.TestMethodTestDescriptor.invokeTestMethod(TestMethodTestDescriptor.java:210)
	at org.junit.jupiter.engine.descriptor.TestMethodTestDescriptor.execute(TestMethodTestDescriptor.java:135)
	at org.junit.jupiter.engine.descriptor.TestMethodTestDescriptor.execute(TestMethodTestDescriptor.java:66)
	at org.junit.platform.engine.support.hierarchical.NodeTestTask.lambda$executeRecursively$6(NodeTestTask.java:151)
	at org.junit.platform.engine.support.hierarchical.ThrowableCollector.execute(ThrowableCollector.java:73)
	at org.junit.platform.engine.support.hierarchical.NodeTestTask.lambda$executeRecursively$8(NodeTestTask.java:141)
	at org.junit.platform.engine.support.hierarchical.Node.around(Node.java:137)
	at org.junit.platform.engine.support.hierarchical.NodeTestTask.lambda$executeRecursively$9(NodeTestTask.java:139)
	at org.junit.platform.engine.support.hierarchical.ThrowableCollector.execute(ThrowableCollector.java:73)
	at org.junit.platform.engine.support.hierarchical.NodeTestTask.executeRecursively(NodeTestTask.java:138)
	at org.junit.platform.engine.support.hierarchical.NodeTestTask.execute(NodeTestTask.java:95)
	at java.base/java.util.ArrayList.forEach(ArrayList.java:1541)
	at org.junit.platform.engine.support.hierarchical.SameThreadHierarchicalTestExecutorService.invokeAll(SameThreadHierarchicalTestExecutorService.java:41)
	at org.junit.platform.engine.support.hierarchical.NodeTestTask.lambda$executeRecursively$6(NodeTestTask.java:155)
	at org.junit.platform.engine.support.hierarchical.ThrowableCollector.execute(ThrowableCollector.java:73)
	at org.junit.platform.engine.support.hierarchical.NodeTestTask.lambda$executeRecursively$8(NodeTestTask.java:141)
	at org.junit.platform.engine.support.hierarchical.Node.around(Node.java:137)
	at org.junit.platform.engine.support.hierarchical.NodeTestTask.lambda$executeRecursively$9(NodeTestTask.java:139)
	at org.junit.platform.engine.support.hierarchical.ThrowableCollector.execute(ThrowableCollector.java:73)
	at org.junit.platform.engine.support.hierarchical.NodeTestTask.executeRecursively(NodeTestTask.java:138)
	at org.junit.platform.engine.support.hierarchical.NodeTestTask.execute(NodeTestTask.java:95)
	at java.base/java.util.ArrayList.forEach(ArrayList.java:1541)
	at org.junit.platform.engine.support.hierarchical.SameThreadHierarchicalTestExecutorService.invokeAll(SameThreadHierarchicalTestExecutorService.java:41)
	at org.junit.platform.engine.support.hierarchical.NodeTestTask.lambda$executeRecursively$6(NodeTestTask.java:155)
	at org.junit.platform.engine.support.hierarchical.ThrowableCollector.execute(ThrowableCollector.java:73)
	at org.junit.platform.engine.support.hierarchical.NodeTestTask.lambda$executeRecursively$8(NodeTestTask.java:141)
	at org.junit.platform.engine.support.hierarchical.Node.around(Node.java:137)
	at org.junit.platform.engine.support.hierarchical.NodeTestTask.lambda$executeRecursively$9(NodeTestTask.java:139)
	at org.junit.platform.engine.support.hierarchical.ThrowableCollector.execute(ThrowableCollector.java:73)
	at org.junit.platform.engine.support.hierarchical.NodeTestTask.executeRecursively(NodeTestTask.java:138)
	at org.junit.platform.engine.support.hierarchical.NodeTestTask.execute(NodeTestTask.java:95)
	at org.junit.platform.engine.support.hierarchical.SameThreadHierarchicalTestExecutorService.submit(SameThreadHierarchicalTestExecutorService.java:35)
	at org.junit.platform.engine.support.hierarchical.HierarchicalTestExecutor.execute(HierarchicalTestExecutor.java:57)
	at org.junit.platform.engine.support.hierarchical.HierarchicalTestEngine.execute(HierarchicalTestEngine.java:54)
	at org.junit.platform.launcher.core.EngineExecutionOrchestrator.execute(EngineExecutionOrchestrator.java:107)
	at org.junit.platform.launcher.core.EngineExecutionOrchestrator.execute(EngineExecutionOrchestrator.java:88)
	at org.junit.platform.launcher.core.EngineExecutionOrchestrator.lambda$execute$0(EngineExecutionOrchestrator.java:54)
	at org.junit.platform.launcher.core.EngineExecutionOrchestrator.withInterceptedStreams(EngineExecutionOrchestrator.java:67)
	at org.junit.platform.launcher.core.EngineExecutionOrchestrator.execute(EngineExecutionOrchestrator.java:52)
	at org.junit.platform.launcher.core.DefaultLauncher.execute(DefaultLauncher.java:114)
	at org.junit.platform.launcher.core.DefaultLauncher.execute(DefaultLauncher.java:86)
	at org.junit.platform.launcher.core.DefaultLauncherSession$DelegatingLauncher.execute(DefaultLauncherSession.java:86)
	at org.gradle.api.internal.tasks.testing.junitplatform.JUnitPlatformTestClassProcessor$CollectAllTestClassesExecutor.processAllTestClasses(JUnitPlatformTestClassProcessor.java:110)
	at org.gradle.api.internal.tasks.testing.junitplatform.JUnitPlatformTestClassProcessor$CollectAllTestClassesExecutor.access$000(JUnitPlatformTestClassProcessor.java:90)
	at org.gradle.api.internal.tasks.testing.junitplatform.JUnitPlatformTestClassProcessor.stop(JUnitPlatformTestClassProcessor.java:85)
	at org.gradle.api.internal.tasks.testing.SuiteTestClassProcessor.stop(SuiteTestClassProcessor.java:62)
	at java.base/jdk.internal.reflect.NativeMethodAccessorImpl.invoke0(Native Method)
	at java.base/jdk.internal.reflect.NativeMethodAccessorImpl.invoke(NativeMethodAccessorImpl.java:62)
	at java.base/jdk.internal.reflect.DelegatingMethodAccessorImpl.invoke(DelegatingMethodAccessorImpl.java:43)
	at java.base/java.lang.reflect.Method.invoke(Method.java:566)
	at org.gradle.internal.dispatch.ReflectionDispatch.dispatch(ReflectionDispatch.java:36)
	at org.gradle.internal.dispatch.ReflectionDispatch.dispatch(ReflectionDispatch.java:24)
	at org.gradle.internal.dispatch.ContextClassLoaderDispatch.dispatch(ContextClassLoaderDispatch.java:33)
	at org.gradle.internal.dispatch.ProxyDispatchAdapter$DispatchingInvocationHandler.invoke(ProxyDispatchAdapter.java:94)
	at com.sun.proxy.$Proxy2.stop(Unknown Source)
	at org.gradle.api.internal.tasks.testing.worker.TestWorker$3.run(TestWorker.java:193)
	at org.gradle.api.internal.tasks.testing.worker.TestWorker.executeAndMaintainThreadName(TestWorker.java:129)
	at org.gradle.api.internal.tasks.testing.worker.TestWorker.execute(TestWorker.java:100)
	at org.gradle.api.internal.tasks.testing.worker.TestWorker.execute(TestWorker.java:60)
	at org.gradle.process.internal.worker.child.ActionExecutionWorker.execute(ActionExecutionWorker.java:56)
	at org.gradle.process.internal.worker.child.SystemApplicationClassLoaderWorker.call(SystemApplicationClassLoaderWorker.java:113)
	at org.gradle.process.internal.worker.child.SystemApplicationClassLoaderWorker.call(SystemApplicationClassLoaderWorker.java:65)
	at worker.org.gradle.process.internal.worker.GradleWorkerMain.run(GradleWorkerMain.java:69)
	at worker.org.gradle.process.internal.worker.GradleWorkerMain.main(GradleWorkerMain.java:74)
Caused by: java.lang.IllegalArgumentException: json can not be null or empty
	at com.jayway.jsonpath.internal.Utils.notEmpty(Utils.java:401)
	at com.jayway.jsonpath.JsonPath.read(JsonPath.java:390)
	at com.jayway.jsonpath.JsonPath.read(JsonPath.java:377)
	at org.springframework.test.util.JsonPathExpectationsHelper.evaluateJsonPath(JsonPathExpectationsHelper.java:301)
	... 88 more
</failure>
  </testcase>
  <testcase name="예약 수정 기능" classname="bdbe.bdbd.reservation.ReservationRestControllerTest" time="0.076">
    <failure message="java.lang.AssertionError: No value at JSON path &quot;$.success&quot;" type="java.lang.AssertionError">java.lang.AssertionError: No value at JSON path &quot;$.success&quot;
	at org.springframework.test.util.JsonPathExpectationsHelper.evaluateJsonPath(JsonPathExpectationsHelper.java:304)
	at org.springframework.test.util.JsonPathExpectationsHelper.assertValue(JsonPathExpectationsHelper.java:99)
	at org.springframework.test.web.servlet.result.JsonPathResultMatchers.lambda$value$2(JsonPathResultMatchers.java:111)
	at org.springframework.test.web.servlet.MockMvc$1.andExpect(MockMvc.java:214)
	at bdbe.bdbd.reservation.ReservationRestControllerTest.updateReservation_test(ReservationRestControllerTest.java:103)
	at java.base/jdk.internal.reflect.NativeMethodAccessorImpl.invoke0(Native Method)
	at java.base/jdk.internal.reflect.NativeMethodAccessorImpl.invoke(NativeMethodAccessorImpl.java:62)
	at java.base/jdk.internal.reflect.DelegatingMethodAccessorImpl.invoke(DelegatingMethodAccessorImpl.java:43)
	at java.base/java.lang.reflect.Method.invoke(Method.java:566)
	at org.junit.platform.commons.util.ReflectionUtils.invokeMethod(ReflectionUtils.java:725)
	at org.junit.jupiter.engine.execution.MethodInvocation.proceed(MethodInvocation.java:60)
	at org.junit.jupiter.engine.execution.InvocationInterceptorChain$ValidatingInvocation.proceed(InvocationInterceptorChain.java:131)
	at org.junit.jupiter.engine.extension.TimeoutExtension.intercept(TimeoutExtension.java:149)
	at org.junit.jupiter.engine.extension.TimeoutExtension.interceptTestableMethod(TimeoutExtension.java:140)
	at org.junit.jupiter.engine.extension.TimeoutExtension.interceptTestMethod(TimeoutExtension.java:84)
	at org.junit.jupiter.engine.execution.ExecutableInvoker$ReflectiveInterceptorCall.lambda$ofVoidMethod$0(ExecutableInvoker.java:115)
	at org.junit.jupiter.engine.execution.ExecutableInvoker.lambda$invoke$0(ExecutableInvoker.java:105)
	at org.junit.jupiter.engine.execution.InvocationInterceptorChain$InterceptedInvocation.proceed(InvocationInterceptorChain.java:106)
	at org.junit.jupiter.engine.execution.InvocationInterceptorChain.proceed(InvocationInterceptorChain.java:64)
	at org.junit.jupiter.engine.execution.InvocationInterceptorChain.chainAndInvoke(InvocationInterceptorChain.java:45)
	at org.junit.jupiter.engine.execution.InvocationInterceptorChain.invoke(InvocationInterceptorChain.java:37)
	at org.junit.jupiter.engine.execution.ExecutableInvoker.invoke(ExecutableInvoker.java:104)
	at org.junit.jupiter.engine.execution.ExecutableInvoker.invoke(ExecutableInvoker.java:98)
	at org.junit.jupiter.engine.descriptor.TestMethodTestDescriptor.lambda$invokeTestMethod$7(TestMethodTestDescriptor.java:214)
	at org.junit.platform.engine.support.hierarchical.ThrowableCollector.execute(ThrowableCollector.java:73)
	at org.junit.jupiter.engine.descriptor.TestMethodTestDescriptor.invokeTestMethod(TestMethodTestDescriptor.java:210)
	at org.junit.jupiter.engine.descriptor.TestMethodTestDescriptor.execute(TestMethodTestDescriptor.java:135)
	at org.junit.jupiter.engine.descriptor.TestMethodTestDescriptor.execute(TestMethodTestDescriptor.java:66)
	at org.junit.platform.engine.support.hierarchical.NodeTestTask.lambda$executeRecursively$6(NodeTestTask.java:151)
	at org.junit.platform.engine.support.hierarchical.ThrowableCollector.execute(ThrowableCollector.java:73)
	at org.junit.platform.engine.support.hierarchical.NodeTestTask.lambda$executeRecursively$8(NodeTestTask.java:141)
	at org.junit.platform.engine.support.hierarchical.Node.around(Node.java:137)
	at org.junit.platform.engine.support.hierarchical.NodeTestTask.lambda$executeRecursively$9(NodeTestTask.java:139)
	at org.junit.platform.engine.support.hierarchical.ThrowableCollector.execute(ThrowableCollector.java:73)
	at org.junit.platform.engine.support.hierarchical.NodeTestTask.executeRecursively(NodeTestTask.java:138)
	at org.junit.platform.engine.support.hierarchical.NodeTestTask.execute(NodeTestTask.java:95)
	at java.base/java.util.ArrayList.forEach(ArrayList.java:1541)
	at org.junit.platform.engine.support.hierarchical.SameThreadHierarchicalTestExecutorService.invokeAll(SameThreadHierarchicalTestExecutorService.java:41)
	at org.junit.platform.engine.support.hierarchical.NodeTestTask.lambda$executeRecursively$6(NodeTestTask.java:155)
	at org.junit.platform.engine.support.hierarchical.ThrowableCollector.execute(ThrowableCollector.java:73)
	at org.junit.platform.engine.support.hierarchical.NodeTestTask.lambda$executeRecursively$8(NodeTestTask.java:141)
	at org.junit.platform.engine.support.hierarchical.Node.around(Node.java:137)
	at org.junit.platform.engine.support.hierarchical.NodeTestTask.lambda$executeRecursively$9(NodeTestTask.java:139)
	at org.junit.platform.engine.support.hierarchical.ThrowableCollector.execute(ThrowableCollector.java:73)
	at org.junit.platform.engine.support.hierarchical.NodeTestTask.executeRecursively(NodeTestTask.java:138)
	at org.junit.platform.engine.support.hierarchical.NodeTestTask.execute(NodeTestTask.java:95)
	at java.base/java.util.ArrayList.forEach(ArrayList.java:1541)
	at org.junit.platform.engine.support.hierarchical.SameThreadHierarchicalTestExecutorService.invokeAll(SameThreadHierarchicalTestExecutorService.java:41)
	at org.junit.platform.engine.support.hierarchical.NodeTestTask.lambda$executeRecursively$6(NodeTestTask.java:155)
	at org.junit.platform.engine.support.hierarchical.ThrowableCollector.execute(ThrowableCollector.java:73)
	at org.junit.platform.engine.support.hierarchical.NodeTestTask.lambda$executeRecursively$8(NodeTestTask.java:141)
	at org.junit.platform.engine.support.hierarchical.Node.around(Node.java:137)
	at org.junit.platform.engine.support.hierarchical.NodeTestTask.lambda$executeRecursively$9(NodeTestTask.java:139)
	at org.junit.platform.engine.support.hierarchical.ThrowableCollector.execute(ThrowableCollector.java:73)
	at org.junit.platform.engine.support.hierarchical.NodeTestTask.executeRecursively(NodeTestTask.java:138)
	at org.junit.platform.engine.support.hierarchical.NodeTestTask.execute(NodeTestTask.java:95)
	at org.junit.platform.engine.support.hierarchical.SameThreadHierarchicalTestExecutorService.submit(SameThreadHierarchicalTestExecutorService.java:35)
	at org.junit.platform.engine.support.hierarchical.HierarchicalTestExecutor.execute(HierarchicalTestExecutor.java:57)
	at org.junit.platform.engine.support.hierarchical.HierarchicalTestEngine.execute(HierarchicalTestEngine.java:54)
	at org.junit.platform.launcher.core.EngineExecutionOrchestrator.execute(EngineExecutionOrchestrator.java:107)
	at org.junit.platform.launcher.core.EngineExecutionOrchestrator.execute(EngineExecutionOrchestrator.java:88)
	at org.junit.platform.launcher.core.EngineExecutionOrchestrator.lambda$execute$0(EngineExecutionOrchestrator.java:54)
	at org.junit.platform.launcher.core.EngineExecutionOrchestrator.withInterceptedStreams(EngineExecutionOrchestrator.java:67)
	at org.junit.platform.launcher.core.EngineExecutionOrchestrator.execute(EngineExecutionOrchestrator.java:52)
	at org.junit.platform.launcher.core.DefaultLauncher.execute(DefaultLauncher.java:114)
	at org.junit.platform.launcher.core.DefaultLauncher.execute(DefaultLauncher.java:86)
	at org.junit.platform.launcher.core.DefaultLauncherSession$DelegatingLauncher.execute(DefaultLauncherSession.java:86)
	at org.gradle.api.internal.tasks.testing.junitplatform.JUnitPlatformTestClassProcessor$CollectAllTestClassesExecutor.processAllTestClasses(JUnitPlatformTestClassProcessor.java:110)
	at org.gradle.api.internal.tasks.testing.junitplatform.JUnitPlatformTestClassProcessor$CollectAllTestClassesExecutor.access$000(JUnitPlatformTestClassProcessor.java:90)
	at org.gradle.api.internal.tasks.testing.junitplatform.JUnitPlatformTestClassProcessor.stop(JUnitPlatformTestClassProcessor.java:85)
	at org.gradle.api.internal.tasks.testing.SuiteTestClassProcessor.stop(SuiteTestClassProcessor.java:62)
	at java.base/jdk.internal.reflect.NativeMethodAccessorImpl.invoke0(Native Method)
	at java.base/jdk.internal.reflect.NativeMethodAccessorImpl.invoke(NativeMethodAccessorImpl.java:62)
	at java.base/jdk.internal.reflect.DelegatingMethodAccessorImpl.invoke(DelegatingMethodAccessorImpl.java:43)
	at java.base/java.lang.reflect.Method.invoke(Method.java:566)
	at org.gradle.internal.dispatch.ReflectionDispatch.dispatch(ReflectionDispatch.java:36)
	at org.gradle.internal.dispatch.ReflectionDispatch.dispatch(ReflectionDispatch.java:24)
	at org.gradle.internal.dispatch.ContextClassLoaderDispatch.dispatch(ContextClassLoaderDispatch.java:33)
	at org.gradle.internal.dispatch.ProxyDispatchAdapter$DispatchingInvocationHandler.invoke(ProxyDispatchAdapter.java:94)
	at com.sun.proxy.$Proxy2.stop(Unknown Source)
	at org.gradle.api.internal.tasks.testing.worker.TestWorker$3.run(TestWorker.java:193)
	at org.gradle.api.internal.tasks.testing.worker.TestWorker.executeAndMaintainThreadName(TestWorker.java:129)
	at org.gradle.api.internal.tasks.testing.worker.TestWorker.execute(TestWorker.java:100)
	at org.gradle.api.internal.tasks.testing.worker.TestWorker.execute(TestWorker.java:60)
	at org.gradle.process.internal.worker.child.ActionExecutionWorker.execute(ActionExecutionWorker.java:56)
	at org.gradle.process.internal.worker.child.SystemApplicationClassLoaderWorker.call(SystemApplicationClassLoaderWorker.java:113)
	at org.gradle.process.internal.worker.child.SystemApplicationClassLoaderWorker.call(SystemApplicationClassLoaderWorker.java:65)
	at worker.org.gradle.process.internal.worker.GradleWorkerMain.run(GradleWorkerMain.java:69)
	at worker.org.gradle.process.internal.worker.GradleWorkerMain.main(GradleWorkerMain.java:74)
Caused by: java.lang.IllegalArgumentException: json can not be null or empty
	at com.jayway.jsonpath.internal.Utils.notEmpty(Utils.java:401)
	at com.jayway.jsonpath.JsonPath.read(JsonPath.java:390)
	at com.jayway.jsonpath.JsonPath.read(JsonPath.java:377)
	at org.springframework.test.util.JsonPathExpectationsHelper.evaluateJsonPath(JsonPathExpectationsHelper.java:301)
	... 88 more
</failure>
  </testcase>
  <testcase name="세차장별 예약 조회 내역 기능" classname="bdbe.bdbd.reservation.ReservationRestControllerTest" time="0.15">
    <failure message="java.lang.AssertionError: No value at JSON path &quot;$.success&quot;" type="java.lang.AssertionError">java.lang.AssertionError: No value at JSON path &quot;$.success&quot;
	at org.springframework.test.util.JsonPathExpectationsHelper.evaluateJsonPath(JsonPathExpectationsHelper.java:304)
	at org.springframework.test.util.JsonPathExpectationsHelper.assertValue(JsonPathExpectationsHelper.java:99)
	at org.springframework.test.web.servlet.result.JsonPathResultMatchers.lambda$value$2(JsonPathResultMatchers.java:111)
	at org.springframework.test.web.servlet.MockMvc$1.andExpect(MockMvc.java:214)
	at bdbe.bdbd.reservation.ReservationRestControllerTest.findAllByCarwash_test(ReservationRestControllerTest.java:180)
	at java.base/jdk.internal.reflect.NativeMethodAccessorImpl.invoke0(Native Method)
	at java.base/jdk.internal.reflect.NativeMethodAccessorImpl.invoke(NativeMethodAccessorImpl.java:62)
	at java.base/jdk.internal.reflect.DelegatingMethodAccessorImpl.invoke(DelegatingMethodAccessorImpl.java:43)
	at java.base/java.lang.reflect.Method.invoke(Method.java:566)
	at org.junit.platform.commons.util.ReflectionUtils.invokeMethod(ReflectionUtils.java:725)
	at org.junit.jupiter.engine.execution.MethodInvocation.proceed(MethodInvocation.java:60)
	at org.junit.jupiter.engine.execution.InvocationInterceptorChain$ValidatingInvocation.proceed(InvocationInterceptorChain.java:131)
	at org.junit.jupiter.engine.extension.TimeoutExtension.intercept(TimeoutExtension.java:149)
	at org.junit.jupiter.engine.extension.TimeoutExtension.interceptTestableMethod(TimeoutExtension.java:140)
	at org.junit.jupiter.engine.extension.TimeoutExtension.interceptTestMethod(TimeoutExtension.java:84)
	at org.junit.jupiter.engine.execution.ExecutableInvoker$ReflectiveInterceptorCall.lambda$ofVoidMethod$0(ExecutableInvoker.java:115)
	at org.junit.jupiter.engine.execution.ExecutableInvoker.lambda$invoke$0(ExecutableInvoker.java:105)
	at org.junit.jupiter.engine.execution.InvocationInterceptorChain$InterceptedInvocation.proceed(InvocationInterceptorChain.java:106)
	at org.junit.jupiter.engine.execution.InvocationInterceptorChain.proceed(InvocationInterceptorChain.java:64)
	at org.junit.jupiter.engine.execution.InvocationInterceptorChain.chainAndInvoke(InvocationInterceptorChain.java:45)
	at org.junit.jupiter.engine.execution.InvocationInterceptorChain.invoke(InvocationInterceptorChain.java:37)
	at org.junit.jupiter.engine.execution.ExecutableInvoker.invoke(ExecutableInvoker.java:104)
	at org.junit.jupiter.engine.execution.ExecutableInvoker.invoke(ExecutableInvoker.java:98)
	at org.junit.jupiter.engine.descriptor.TestMethodTestDescriptor.lambda$invokeTestMethod$7(TestMethodTestDescriptor.java:214)
	at org.junit.platform.engine.support.hierarchical.ThrowableCollector.execute(ThrowableCollector.java:73)
	at org.junit.jupiter.engine.descriptor.TestMethodTestDescriptor.invokeTestMethod(TestMethodTestDescriptor.java:210)
	at org.junit.jupiter.engine.descriptor.TestMethodTestDescriptor.execute(TestMethodTestDescriptor.java:135)
	at org.junit.jupiter.engine.descriptor.TestMethodTestDescriptor.execute(TestMethodTestDescriptor.java:66)
	at org.junit.platform.engine.support.hierarchical.NodeTestTask.lambda$executeRecursively$6(NodeTestTask.java:151)
	at org.junit.platform.engine.support.hierarchical.ThrowableCollector.execute(ThrowableCollector.java:73)
	at org.junit.platform.engine.support.hierarchical.NodeTestTask.lambda$executeRecursively$8(NodeTestTask.java:141)
	at org.junit.platform.engine.support.hierarchical.Node.around(Node.java:137)
	at org.junit.platform.engine.support.hierarchical.NodeTestTask.lambda$executeRecursively$9(NodeTestTask.java:139)
	at org.junit.platform.engine.support.hierarchical.ThrowableCollector.execute(ThrowableCollector.java:73)
	at org.junit.platform.engine.support.hierarchical.NodeTestTask.executeRecursively(NodeTestTask.java:138)
	at org.junit.platform.engine.support.hierarchical.NodeTestTask.execute(NodeTestTask.java:95)
	at java.base/java.util.ArrayList.forEach(ArrayList.java:1541)
	at org.junit.platform.engine.support.hierarchical.SameThreadHierarchicalTestExecutorService.invokeAll(SameThreadHierarchicalTestExecutorService.java:41)
	at org.junit.platform.engine.support.hierarchical.NodeTestTask.lambda$executeRecursively$6(NodeTestTask.java:155)
	at org.junit.platform.engine.support.hierarchical.ThrowableCollector.execute(ThrowableCollector.java:73)
	at org.junit.platform.engine.support.hierarchical.NodeTestTask.lambda$executeRecursively$8(NodeTestTask.java:141)
	at org.junit.platform.engine.support.hierarchical.Node.around(Node.java:137)
	at org.junit.platform.engine.support.hierarchical.NodeTestTask.lambda$executeRecursively$9(NodeTestTask.java:139)
	at org.junit.platform.engine.support.hierarchical.ThrowableCollector.execute(ThrowableCollector.java:73)
	at org.junit.platform.engine.support.hierarchical.NodeTestTask.executeRecursively(NodeTestTask.java:138)
	at org.junit.platform.engine.support.hierarchical.NodeTestTask.execute(NodeTestTask.java:95)
	at java.base/java.util.ArrayList.forEach(ArrayList.java:1541)
	at org.junit.platform.engine.support.hierarchical.SameThreadHierarchicalTestExecutorService.invokeAll(SameThreadHierarchicalTestExecutorService.java:41)
	at org.junit.platform.engine.support.hierarchical.NodeTestTask.lambda$executeRecursively$6(NodeTestTask.java:155)
	at org.junit.platform.engine.support.hierarchical.ThrowableCollector.execute(ThrowableCollector.java:73)
	at org.junit.platform.engine.support.hierarchical.NodeTestTask.lambda$executeRecursively$8(NodeTestTask.java:141)
	at org.junit.platform.engine.support.hierarchical.Node.around(Node.java:137)
	at org.junit.platform.engine.support.hierarchical.NodeTestTask.lambda$executeRecursively$9(NodeTestTask.java:139)
	at org.junit.platform.engine.support.hierarchical.ThrowableCollector.execute(ThrowableCollector.java:73)
	at org.junit.platform.engine.support.hierarchical.NodeTestTask.executeRecursively(NodeTestTask.java:138)
	at org.junit.platform.engine.support.hierarchical.NodeTestTask.execute(NodeTestTask.java:95)
	at org.junit.platform.engine.support.hierarchical.SameThreadHierarchicalTestExecutorService.submit(SameThreadHierarchicalTestExecutorService.java:35)
	at org.junit.platform.engine.support.hierarchical.HierarchicalTestExecutor.execute(HierarchicalTestExecutor.java:57)
	at org.junit.platform.engine.support.hierarchical.HierarchicalTestEngine.execute(HierarchicalTestEngine.java:54)
	at org.junit.platform.launcher.core.EngineExecutionOrchestrator.execute(EngineExecutionOrchestrator.java:107)
	at org.junit.platform.launcher.core.EngineExecutionOrchestrator.execute(EngineExecutionOrchestrator.java:88)
	at org.junit.platform.launcher.core.EngineExecutionOrchestrator.lambda$execute$0(EngineExecutionOrchestrator.java:54)
	at org.junit.platform.launcher.core.EngineExecutionOrchestrator.withInterceptedStreams(EngineExecutionOrchestrator.java:67)
	at org.junit.platform.launcher.core.EngineExecutionOrchestrator.execute(EngineExecutionOrchestrator.java:52)
	at org.junit.platform.launcher.core.DefaultLauncher.execute(DefaultLauncher.java:114)
	at org.junit.platform.launcher.core.DefaultLauncher.execute(DefaultLauncher.java:86)
	at org.junit.platform.launcher.core.DefaultLauncherSession$DelegatingLauncher.execute(DefaultLauncherSession.java:86)
	at org.gradle.api.internal.tasks.testing.junitplatform.JUnitPlatformTestClassProcessor$CollectAllTestClassesExecutor.processAllTestClasses(JUnitPlatformTestClassProcessor.java:110)
	at org.gradle.api.internal.tasks.testing.junitplatform.JUnitPlatformTestClassProcessor$CollectAllTestClassesExecutor.access$000(JUnitPlatformTestClassProcessor.java:90)
	at org.gradle.api.internal.tasks.testing.junitplatform.JUnitPlatformTestClassProcessor.stop(JUnitPlatformTestClassProcessor.java:85)
	at org.gradle.api.internal.tasks.testing.SuiteTestClassProcessor.stop(SuiteTestClassProcessor.java:62)
	at java.base/jdk.internal.reflect.NativeMethodAccessorImpl.invoke0(Native Method)
	at java.base/jdk.internal.reflect.NativeMethodAccessorImpl.invoke(NativeMethodAccessorImpl.java:62)
	at java.base/jdk.internal.reflect.DelegatingMethodAccessorImpl.invoke(DelegatingMethodAccessorImpl.java:43)
	at java.base/java.lang.reflect.Method.invoke(Method.java:566)
	at org.gradle.internal.dispatch.ReflectionDispatch.dispatch(ReflectionDispatch.java:36)
	at org.gradle.internal.dispatch.ReflectionDispatch.dispatch(ReflectionDispatch.java:24)
	at org.gradle.internal.dispatch.ContextClassLoaderDispatch.dispatch(ContextClassLoaderDispatch.java:33)
	at org.gradle.internal.dispatch.ProxyDispatchAdapter$DispatchingInvocationHandler.invoke(ProxyDispatchAdapter.java:94)
	at com.sun.proxy.$Proxy2.stop(Unknown Source)
	at org.gradle.api.internal.tasks.testing.worker.TestWorker$3.run(TestWorker.java:193)
	at org.gradle.api.internal.tasks.testing.worker.TestWorker.executeAndMaintainThreadName(TestWorker.java:129)
	at org.gradle.api.internal.tasks.testing.worker.TestWorker.execute(TestWorker.java:100)
	at org.gradle.api.internal.tasks.testing.worker.TestWorker.execute(TestWorker.java:60)
	at org.gradle.process.internal.worker.child.ActionExecutionWorker.execute(ActionExecutionWorker.java:56)
	at org.gradle.process.internal.worker.child.SystemApplicationClassLoaderWorker.call(SystemApplicationClassLoaderWorker.java:113)
	at org.gradle.process.internal.worker.child.SystemApplicationClassLoaderWorker.call(SystemApplicationClassLoaderWorker.java:65)
	at worker.org.gradle.process.internal.worker.GradleWorkerMain.run(GradleWorkerMain.java:69)
	at worker.org.gradle.process.internal.worker.GradleWorkerMain.main(GradleWorkerMain.java:74)
Caused by: java.lang.IllegalArgumentException: json can not be null or empty
	at com.jayway.jsonpath.internal.Utils.notEmpty(Utils.java:401)
	at com.jayway.jsonpath.JsonPath.read(JsonPath.java:390)
	at com.jayway.jsonpath.JsonPath.read(JsonPath.java:377)
	at org.springframework.test.util.JsonPathExpectationsHelper.evaluateJsonPath(JsonPathExpectationsHelper.java:301)
	... 88 more
</failure>
  </testcase>
  <testcase name="현재 시간 기준 예약 내역 조회" classname="bdbe.bdbd.reservation.ReservationRestControllerTest" time="0.063"/>
  <testcase name="결제 후 예약 내역 조회" classname="bdbe.bdbd.reservation.ReservationRestControllerTest" time="0.093"/>
  <testcase name="최근 예약 내역 조회" classname="bdbe.bdbd.reservation.ReservationRestControllerTest" time="0.045"/>
  <system-out><![CDATA[2023-11-10 21:23:55.621  INFO 87122 --- [    Test worker] .b.t.c.SpringBootTestContextBootstrapper : Neither @ContextConfiguration nor @ContextHierarchy found for test class [bdbe.bdbd.reservation.ReservationRestControllerTest], using SpringBootContextLoader
2023-11-10 21:23:55.621  INFO 87122 --- [    Test worker] o.s.t.c.support.AbstractContextLoader    : Could not detect default resource locations for test class [bdbe.bdbd.reservation.ReservationRestControllerTest]: no resource found for suffixes {-context.xml, Context.groovy}.
2023-11-10 21:23:55.621  INFO 87122 --- [    Test worker] t.c.s.AnnotationConfigContextLoaderUtils : Could not detect default configuration classes for test class [bdbe.bdbd.reservation.ReservationRestControllerTest]: ReservationRestControllerTest does not declare any static, non-private, non-final, nested classes annotated with @Configuration.
2023-11-10 21:23:55.623  INFO 87122 --- [    Test worker] .b.t.c.SpringBootTestContextBootstrapper : Found @SpringBootConfiguration bdbe.bdbd.BdbdApplication for test class bdbe.bdbd.reservation.ReservationRestControllerTest
2023-11-10 21:23:55.624  INFO 87122 --- [    Test worker] .b.t.c.SpringBootTestContextBootstrapper : Loaded default TestExecutionListener class names from location [META-INF/spring.factories]: [org.springframework.security.test.context.support.WithSecurityContextTestExecutionListener, org.springframework.security.test.context.support.ReactorContextTestExecutionListener, org.springframework.boot.test.autoconfigure.restdocs.RestDocsTestExecutionListener, org.springframework.boot.test.autoconfigure.web.client.MockRestServiceServerResetTestExecutionListener, org.springframework.boot.test.autoconfigure.web.servlet.MockMvcPrintOnlyOnFailureTestExecutionListener, org.springframework.boot.test.autoconfigure.web.servlet.WebDriverTestExecutionListener, org.springframework.boot.test.autoconfigure.webservices.client.MockWebServiceServerTestExecutionListener, org.springframework.boot.test.mock.mockito.MockitoTestExecutionListener, org.springframework.boot.test.mock.mockito.ResetMocksTestExecutionListener, org.springframework.test.context.web.ServletTestExecutionListener, org.springframework.test.context.support.DirtiesContextBeforeModesTestExecutionListener, org.springframework.test.context.event.ApplicationEventsTestExecutionListener, org.springframework.test.context.support.DependencyInjectionTestExecutionListener, org.springframework.test.context.support.DirtiesContextTestExecutionListener, org.springframework.test.context.transaction.TransactionalTestExecutionListener, org.springframework.test.context.jdbc.SqlScriptsTestExecutionListener, org.springframework.test.context.event.EventPublishingTestExecutionListener]
2023-11-10 21:23:55.624  INFO 87122 --- [    Test worker] .b.t.c.SpringBootTestContextBootstrapper : Using TestExecutionListeners: [org.springframework.test.context.web.ServletTestExecutionListener@6080230a, org.springframework.test.context.support.DirtiesContextBeforeModesTestExecutionListener@460fe6e3, org.springframework.test.context.event.ApplicationEventsTestExecutionListener@8814bb5, org.springframework.boot.test.mock.mockito.MockitoTestExecutionListener@1b2234a5, org.springframework.boot.test.autoconfigure.SpringBootDependencyInjectionTestExecutionListener@7a5bccb8, org.springframework.test.context.support.DirtiesContextTestExecutionListener@43da05ee, org.springframework.test.context.transaction.TransactionalTestExecutionListener@418422c3, org.springframework.test.context.jdbc.SqlScriptsTestExecutionListener@4b89b14a, org.springframework.security.test.context.support.WithSecurityContextTestExecutionListener@6f139a8f, org.springframework.test.context.event.EventPublishingTestExecutionListener@7cf517f6, org.springframework.security.test.context.support.ReactorContextTestExecutionListener@1c07b091, org.springframework.boot.test.autoconfigure.restdocs.RestDocsTestExecutionListener@1a8251ba, org.springframework.boot.test.autoconfigure.web.client.MockRestServiceServerResetTestExecutionListener@69b66787, org.springframework.boot.test.autoconfigure.web.servlet.MockMvcPrintOnlyOnFailureTestExecutionListener@3d2887e0, org.springframework.boot.test.autoconfigure.web.servlet.WebDriverTestExecutionListener@1c8a2bec, org.springframework.boot.test.autoconfigure.webservices.client.MockWebServiceServerTestExecutionListener@140db646, org.springframework.boot.test.mock.mockito.ResetMocksTestExecutionListener@4e5d611f]
2023-11-10 21:23:55.637  INFO 87122 --- [    Test worker] o.s.t.c.transaction.TransactionContext   : Began transaction (1) for test context [DefaultTestContext@47d6a31a testClass = ReservationRestControllerTest, testInstance = bdbe.bdbd.reservation.ReservationRestControllerTest@4a270796, testMethod = deleteReservation_test@ReservationRestControllerTest, testException = [null], mergedContextConfiguration = [WebMergedContextConfiguration@14df8bee testClass = ReservationRestControllerTest, locations = '{}', classes = '{class bdbe.bdbd.BdbdApplication}', contextInitializerClasses = '[]', activeProfiles = '{}', propertySourceLocations = '{}', propertySourceProperties = '{org.springframework.boot.test.context.SpringBootTestContextBootstrapper=true}', contextCustomizers = set[org.springframework.boot.test.autoconfigure.actuate.metrics.MetricsExportContextCustomizerFactory$DisableMetricExportContextCustomizer@4b3c354a, org.springframework.boot.test.autoconfigure.properties.PropertyMappingContextCustomizer@4b3fa0b3, org.springframework.boot.test.autoconfigure.web.servlet.WebDriverContextCustomizerFactory$Customizer@293d0107, [ImportsContextCustomizer@57dcdc14 key = [org.springframework.boot.test.autoconfigure.web.servlet.MockMvcAutoConfiguration, org.springframework.boot.test.autoconfigure.web.servlet.MockMvcWebClientAutoConfiguration, org.springframework.boot.test.autoconfigure.web.servlet.MockMvcWebDriverAutoConfiguration, org.springframework.boot.autoconfigure.security.oauth2.client.servlet.OAuth2ClientAutoConfiguration, org.springframework.boot.autoconfigure.security.oauth2.resource.servlet.OAuth2ResourceServerAutoConfiguration, org.springframework.boot.autoconfigure.security.servlet.SecurityAutoConfiguration, org.springframework.boot.autoconfigure.security.servlet.SecurityFilterAutoConfiguration, org.springframework.boot.autoconfigure.security.servlet.UserDetailsServiceAutoConfiguration, org.springframework.boot.test.autoconfigure.web.servlet.MockMvcSecurityConfiguration, org.springframework.boot.test.autoconfigure.web.reactive.WebTestClientAutoConfiguration]], org.springframework.boot.test.context.filter.ExcludeFilterContextCustomizer@62fad19, org.springframework.boot.test.json.DuplicateJsonObjectContextCustomizerFactory$DuplicateJsonObjectContextCustomizer@4f2613d1, org.springframework.boot.test.mock.mockito.MockitoContextCustomizer@0, org.springframework.boot.test.web.client.TestRestTemplateContextCustomizer@1c55f277, org.springframework.boot.test.context.SpringBootTestArgs@1, org.springframework.boot.test.context.SpringBootTestWebEnvironment@4ea5b703], resourceBasePath = 'src/main/webapp', contextLoader = 'org.springframework.boot.test.context.SpringBootContextLoader', parent = [null]], attributes = map['org.springframework.test.context.web.ServletTestExecutionListener.activateListener' -> true, 'org.springframework.test.context.web.ServletTestExecutionListener.populatedRequestContextHolder' -> true, 'org.springframework.test.context.web.ServletTestExecutionListener.resetRequestContextHolder' -> true, 'org.springframework.test.context.event.ApplicationEventsTestExecutionListener.recordApplicationEvents' -> false]]; transaction manager [org.springframework.orm.jpa.JpaTransactionManager@17fac5b2]; rollback [true]
Hibernate: 
    select
        member0_.id as id1_6_,
        member0_.email as email2_6_,
        member0_.password as password3_6_,
        member0_.role as role4_6_,
        member0_.tel as tel5_6_,
        member0_.username as username6_6_ 
    from
        member member0_ 
    where
        member0_.email=?
2023-11-10 21:23:55.638 TRACE 87122 --- [    Test worker] o.h.type.descriptor.sql.BasicBinder      : binding parameter [1] as [VARCHAR] - [user@nate.com]
2023-11-10 21:23:55.649 TRACE 87122 --- [    Test worker] o.h.type.descriptor.sql.BasicExtractor   : extracted value ([id1_6_] : [BIGINT]) - [1]
2023-11-10 21:23:55.649 TRACE 87122 --- [    Test worker] o.h.type.descriptor.sql.BasicExtractor   : extracted value ([email2_6_] : [VARCHAR]) - [user@nate.com]
2023-11-10 21:23:55.649 TRACE 87122 --- [    Test worker] o.h.type.descriptor.sql.BasicExtractor   : extracted value ([password3_6_] : [VARCHAR]) - [{bcrypt}$2a$10$v8NhNtmO91URnZ9nJIYdSeapN9qj4qxBHuf8Kd/hkms9.eRUEHcQS]
2023-11-10 21:23:55.649 TRACE 87122 --- [    Test worker] o.h.type.descriptor.sql.BasicExtractor   : extracted value ([role4_6_] : [VARCHAR]) - [ROLE_USER]
2023-11-10 21:23:55.649 TRACE 87122 --- [    Test worker] o.h.type.descriptor.sql.BasicExtractor   : extracted value ([tel5_6_] : [VARCHAR]) - [010-1234-5678]
2023-11-10 21:23:55.649 TRACE 87122 --- [    Test worker] o.h.type.descriptor.sql.BasicExtractor   : extracted value ([username6_6_] : [VARCHAR]) - [imnewuser]
Hibernate: 
    select
        reservatio0_.id as id1_8_,
        reservatio0_.b_id as b_id8_8_,
        reservatio0_.created_at as created_2_8_,
        reservatio0_.end_time as end_time3_8_,
        reservatio0_.is_deleted as is_delet4_8_,
        reservatio0_.m_id as m_id9_8_,
        reservatio0_.price as price5_8_,
        reservatio0_.start_time as start_ti6_8_,
        reservatio0_.updated_at as updated_7_8_ 
    from
        reservation reservatio0_
2023-11-10 21:23:55.664 TRACE 87122 --- [    Test worker] o.h.type.descriptor.sql.BasicExtractor   : extracted value ([id1_8_] : [BIGINT]) - [1]
2023-11-10 21:23:55.664 TRACE 87122 --- [    Test worker] o.h.type.descriptor.sql.BasicExtractor   : extracted value ([b_id8_8_] : [BIGINT]) - [1]
2023-11-10 21:23:55.664 TRACE 87122 --- [    Test worker] o.h.type.descriptor.sql.BasicExtractor   : extracted value ([created_2_8_] : [TIMESTAMP]) - [2023-10-30T17:19:56.412271]
2023-11-10 21:23:55.664 TRACE 87122 --- [    Test worker] o.h.type.descriptor.sql.BasicExtractor   : extracted value ([end_time3_8_] : [TIMESTAMP]) - [2023-11-14T19:30]
2023-11-10 21:23:55.664 TRACE 87122 --- [    Test worker] o.h.type.descriptor.sql.BasicExtractor   : extracted value ([is_delet4_8_] : [BOOLEAN]) - [false]
2023-11-10 21:23:55.664 TRACE 87122 --- [    Test worker] o.h.type.descriptor.sql.BasicExtractor   : extracted value ([m_id9_8_] : [BIGINT]) - [1]
2023-11-10 21:23:55.664 TRACE 87122 --- [    Test worker] o.h.type.descriptor.sql.BasicExtractor   : extracted value ([price5_8_] : [INTEGER]) - [3000]
2023-11-10 21:23:55.664 TRACE 87122 --- [    Test worker] o.h.type.descriptor.sql.BasicExtractor   : extracted value ([start_ti6_8_] : [TIMESTAMP]) - [2023-11-14T19:00]
2023-11-10 21:23:55.664 TRACE 87122 --- [    Test worker] o.h.type.descriptor.sql.BasicExtractor   : extracted value ([updated_7_8_] : [TIMESTAMP]) - [2023-11-09T02:49:33.315351]
2023-11-10 21:23:55.664 TRACE 87122 --- [    Test worker] o.h.type.descriptor.sql.BasicExtractor   : extracted value ([id1_8_] : [BIGINT]) - [2]
2023-11-10 21:23:55.664 TRACE 87122 --- [    Test worker] o.h.type.descriptor.sql.BasicExtractor   : extracted value ([b_id8_8_] : [BIGINT]) - [2]
2023-11-10 21:23:55.665 TRACE 87122 --- [    Test worker] o.h.type.descriptor.sql.BasicExtractor   : extracted value ([created_2_8_] : [TIMESTAMP]) - [2023-10-30T17:19:56.412271]
2023-11-10 21:23:55.665 TRACE 87122 --- [    Test worker] o.h.type.descriptor.sql.BasicExtractor   : extracted value ([end_time3_8_] : [TIMESTAMP]) - [2023-10-25T11:30]
2023-11-10 21:23:55.665 TRACE 87122 --- [    Test worker] o.h.type.descriptor.sql.BasicExtractor   : extracted value ([is_delet4_8_] : [BOOLEAN]) - [false]
2023-11-10 21:23:55.665 TRACE 87122 --- [    Test worker] o.h.type.descriptor.sql.BasicExtractor   : extracted value ([m_id9_8_] : [BIGINT]) - [1]
2023-11-10 21:23:55.665 TRACE 87122 --- [    Test worker] o.h.type.descriptor.sql.BasicExtractor   : extracted value ([price5_8_] : [INTEGER]) - [10000]
2023-11-10 21:23:55.665 TRACE 87122 --- [    Test worker] o.h.type.descriptor.sql.BasicExtractor   : extracted value ([start_ti6_8_] : [TIMESTAMP]) - [2023-10-25T11:00]
2023-11-10 21:23:55.665 TRACE 87122 --- [    Test worker] o.h.type.descriptor.sql.BasicExtractor   : extracted value ([updated_7_8_] : [TIMESTAMP]) - [2023-10-30T17:19:56.412271]
2023-11-10 21:23:55.665 TRACE 87122 --- [    Test worker] o.h.type.descriptor.sql.BasicExtractor   : extracted value ([id1_8_] : [BIGINT]) - [3]
2023-11-10 21:23:55.665 TRACE 87122 --- [    Test worker] o.h.type.descriptor.sql.BasicExtractor   : extracted value ([b_id8_8_] : [BIGINT]) - [3]
2023-11-10 21:23:55.665 TRACE 87122 --- [    Test worker] o.h.type.descriptor.sql.BasicExtractor   : extracted value ([created_2_8_] : [TIMESTAMP]) - [2023-10-30T17:19:56.412271]
2023-11-10 21:23:55.665 TRACE 87122 --- [    Test worker] o.h.type.descriptor.sql.BasicExtractor   : extracted value ([end_time3_8_] : [TIMESTAMP]) - [2023-10-26T10:30]
2023-11-10 21:23:55.665 TRACE 87122 --- [    Test worker] o.h.type.descriptor.sql.BasicExtractor   : extracted value ([is_delet4_8_] : [BOOLEAN]) - [true]
2023-11-10 21:23:55.665 TRACE 87122 --- [    Test worker] o.h.type.descriptor.sql.BasicExtractor   : extracted value ([m_id9_8_] : [BIGINT]) - [1]
2023-11-10 21:23:55.665 TRACE 87122 --- [    Test worker] o.h.type.descriptor.sql.BasicExtractor   : extracted value ([price5_8_] : [INTEGER]) - [9000]
2023-11-10 21:23:55.665 TRACE 87122 --- [    Test worker] o.h.type.descriptor.sql.BasicExtractor   : extracted value ([start_ti6_8_] : [TIMESTAMP]) - [2023-10-26T10:00]
2023-11-10 21:23:55.665 TRACE 87122 --- [    Test worker] o.h.type.descriptor.sql.BasicExtractor   : extracted value ([updated_7_8_] : [TIMESTAMP]) - [2023-11-09T00:58:03.831116]
2023-11-10 21:23:55.665 TRACE 87122 --- [    Test worker] o.h.type.descriptor.sql.BasicExtractor   : extracted value ([id1_8_] : [BIGINT]) - [4]
2023-11-10 21:23:55.666 TRACE 87122 --- [    Test worker] o.h.type.descriptor.sql.BasicExtractor   : extracted value ([b_id8_8_] : [BIGINT]) - [4]
2023-11-10 21:23:55.666 TRACE 87122 --- [    Test worker] o.h.type.descriptor.sql.BasicExtractor   : extracted value ([created_2_8_] : [TIMESTAMP]) - [2023-10-30T17:19:56.412271]
2023-11-10 21:23:55.666 TRACE 87122 --- [    Test worker] o.h.type.descriptor.sql.BasicExtractor   : extracted value ([end_time3_8_] : [TIMESTAMP]) - [2023-10-26T11:30]
2023-11-10 21:23:55.666 TRACE 87122 --- [    Test worker] o.h.type.descriptor.sql.BasicExtractor   : extracted value ([is_delet4_8_] : [BOOLEAN]) - [false]
2023-11-10 21:23:55.666 TRACE 87122 --- [    Test worker] o.h.type.descriptor.sql.BasicExtractor   : extracted value ([m_id9_8_] : [BIGINT]) - [1]
2023-11-10 21:23:55.666 TRACE 87122 --- [    Test worker] o.h.type.descriptor.sql.BasicExtractor   : extracted value ([price5_8_] : [INTEGER]) - [9000]
2023-11-10 21:23:55.666 TRACE 87122 --- [    Test worker] o.h.type.descriptor.sql.BasicExtractor   : extracted value ([start_ti6_8_] : [TIMESTAMP]) - [2023-10-26T11:00]
2023-11-10 21:23:55.666 TRACE 87122 --- [    Test worker] o.h.type.descriptor.sql.BasicExtractor   : extracted value ([updated_7_8_] : [TIMESTAMP]) - [2023-10-30T17:19:56.412271]
2023-11-10 21:23:55.666 TRACE 87122 --- [    Test worker] o.h.type.descriptor.sql.BasicExtractor   : extracted value ([id1_8_] : [BIGINT]) - [5]
2023-11-10 21:23:55.666 TRACE 87122 --- [    Test worker] o.h.type.descriptor.sql.BasicExtractor   : extracted value ([b_id8_8_] : [BIGINT]) - [5]
2023-11-10 21:23:55.666 TRACE 87122 --- [    Test worker] o.h.type.descriptor.sql.BasicExtractor   : extracted value ([created_2_8_] : [TIMESTAMP]) - [2023-10-30T17:19:56.412271]
2023-11-10 21:23:55.666 TRACE 87122 --- [    Test worker] o.h.type.descriptor.sql.BasicExtractor   : extracted value ([end_time3_8_] : [TIMESTAMP]) - [2023-10-27T10:30]
2023-11-10 21:23:55.666 TRACE 87122 --- [    Test worker] o.h.type.descriptor.sql.BasicExtractor   : extracted value ([is_delet4_8_] : [BOOLEAN]) - [false]
2023-11-10 21:23:55.666 TRACE 87122 --- [    Test worker] o.h.type.descriptor.sql.BasicExtractor   : extracted value ([m_id9_8_] : [BIGINT]) - [1]
2023-11-10 21:23:55.666 TRACE 87122 --- [    Test worker] o.h.type.descriptor.sql.BasicExtractor   : extracted value ([price5_8_] : [INTEGER]) - [8500]
2023-11-10 21:23:55.666 TRACE 87122 --- [    Test worker] o.h.type.descriptor.sql.BasicExtractor   : extracted value ([start_ti6_8_] : [TIMESTAMP]) - [2023-10-27T10:00]
2023-11-10 21:23:55.666 TRACE 87122 --- [    Test worker] o.h.type.descriptor.sql.BasicExtractor   : extracted value ([updated_7_8_] : [TIMESTAMP]) - [2023-10-30T17:19:56.412271]
2023-11-10 21:23:55.666 TRACE 87122 --- [    Test worker] o.h.type.descriptor.sql.BasicExtractor   : extracted value ([id1_8_] : [BIGINT]) - [6]
2023-11-10 21:23:55.666 TRACE 87122 --- [    Test worker] o.h.type.descriptor.sql.BasicExtractor   : extracted value ([b_id8_8_] : [BIGINT]) - [6]
2023-11-10 21:23:55.666 TRACE 87122 --- [    Test worker] o.h.type.descriptor.sql.BasicExtractor   : extracted value ([created_2_8_] : [TIMESTAMP]) - [2023-10-30T17:19:56.412271]
2023-11-10 21:23:55.666 TRACE 87122 --- [    Test worker] o.h.type.descriptor.sql.BasicExtractor   : extracted value ([end_time3_8_] : [TIMESTAMP]) - [2023-10-27T11:30]
2023-11-10 21:23:55.666 TRACE 87122 --- [    Test worker] o.h.type.descriptor.sql.BasicExtractor   : extracted value ([is_delet4_8_] : [BOOLEAN]) - [false]
2023-11-10 21:23:55.666 TRACE 87122 --- [    Test worker] o.h.type.descriptor.sql.BasicExtractor   : extracted value ([m_id9_8_] : [BIGINT]) - [1]
2023-11-10 21:23:55.666 TRACE 87122 --- [    Test worker] o.h.type.descriptor.sql.BasicExtractor   : extracted value ([price5_8_] : [INTEGER]) - [8500]
2023-11-10 21:23:55.666 TRACE 87122 --- [    Test worker] o.h.type.descriptor.sql.BasicExtractor   : extracted value ([start_ti6_8_] : [TIMESTAMP]) - [2023-10-27T11:00]
2023-11-10 21:23:55.666 TRACE 87122 --- [    Test worker] o.h.type.descriptor.sql.BasicExtractor   : extracted value ([updated_7_8_] : [TIMESTAMP]) - [2023-10-30T17:19:56.412271]
2023-11-10 21:23:55.666 TRACE 87122 --- [    Test worker] o.h.type.descriptor.sql.BasicExtractor   : extracted value ([id1_8_] : [BIGINT]) - [7]
2023-11-10 21:23:55.666 TRACE 87122 --- [    Test worker] o.h.type.descriptor.sql.BasicExtractor   : extracted value ([b_id8_8_] : [BIGINT]) - [7]
2023-11-10 21:23:55.666 TRACE 87122 --- [    Test worker] o.h.type.descriptor.sql.BasicExtractor   : extracted value ([created_2_8_] : [TIMESTAMP]) - [2023-10-30T17:19:56.412271]
2023-11-10 21:23:55.666 TRACE 87122 --- [    Test worker] o.h.type.descriptor.sql.BasicExtractor   : extracted value ([end_time3_8_] : [TIMESTAMP]) - [2023-10-28T10:30]
2023-11-10 21:23:55.666 TRACE 87122 --- [    Test worker] o.h.type.descriptor.sql.BasicExtractor   : extracted value ([is_delet4_8_] : [BOOLEAN]) - [false]
2023-11-10 21:23:55.666 TRACE 87122 --- [    Test worker] o.h.type.descriptor.sql.BasicExtractor   : extracted value ([m_id9_8_] : [BIGINT]) - [1]
2023-11-10 21:23:55.666 TRACE 87122 --- [    Test worker] o.h.type.descriptor.sql.BasicExtractor   : extracted value ([price5_8_] : [INTEGER]) - [9500]
2023-11-10 21:23:55.666 TRACE 87122 --- [    Test worker] o.h.type.descriptor.sql.BasicExtractor   : extracted value ([start_ti6_8_] : [TIMESTAMP]) - [2023-10-28T10:00]
2023-11-10 21:23:55.666 TRACE 87122 --- [    Test worker] o.h.type.descriptor.sql.BasicExtractor   : extracted value ([updated_7_8_] : [TIMESTAMP]) - [2023-10-30T17:19:56.412271]
2023-11-10 21:23:55.666 TRACE 87122 --- [    Test worker] o.h.type.descriptor.sql.BasicExtractor   : extracted value ([id1_8_] : [BIGINT]) - [8]
2023-11-10 21:23:55.666 TRACE 87122 --- [    Test worker] o.h.type.descriptor.sql.BasicExtractor   : extracted value ([b_id8_8_] : [BIGINT]) - [8]
2023-11-10 21:23:55.666 TRACE 87122 --- [    Test worker] o.h.type.descriptor.sql.BasicExtractor   : extracted value ([created_2_8_] : [TIMESTAMP]) - [2023-10-30T17:19:56.412271]
2023-11-10 21:23:55.666 TRACE 87122 --- [    Test worker] o.h.type.descriptor.sql.BasicExtractor   : extracted value ([end_time3_8_] : [TIMESTAMP]) - [2023-10-28T11:30]
2023-11-10 21:23:55.666 TRACE 87122 --- [    Test worker] o.h.type.descriptor.sql.BasicExtractor   : extracted value ([is_delet4_8_] : [BOOLEAN]) - [true]
2023-11-10 21:23:55.666 TRACE 87122 --- [    Test worker] o.h.type.descriptor.sql.BasicExtractor   : extracted value ([m_id9_8_] : [BIGINT]) - [1]
2023-11-10 21:23:55.666 TRACE 87122 --- [    Test worker] o.h.type.descriptor.sql.BasicExtractor   : extracted value ([price5_8_] : [INTEGER]) - [9500]
2023-11-10 21:23:55.666 TRACE 87122 --- [    Test worker] o.h.type.descriptor.sql.BasicExtractor   : extracted value ([start_ti6_8_] : [TIMESTAMP]) - [2023-10-28T11:00]
2023-11-10 21:23:55.666 TRACE 87122 --- [    Test worker] o.h.type.descriptor.sql.BasicExtractor   : extracted value ([updated_7_8_] : [TIMESTAMP]) - [2023-11-09T02:29:17.783574]
2023-11-10 21:23:55.666 TRACE 87122 --- [    Test worker] o.h.type.descriptor.sql.BasicExtractor   : extracted value ([id1_8_] : [BIGINT]) - [9]
2023-11-10 21:23:55.666 TRACE 87122 --- [    Test worker] o.h.type.descriptor.sql.BasicExtractor   : extracted value ([b_id8_8_] : [BIGINT]) - [9]
2023-11-10 21:23:55.666 TRACE 87122 --- [    Test worker] o.h.type.descriptor.sql.BasicExtractor   : extracted value ([created_2_8_] : [TIMESTAMP]) - [2023-10-30T17:19:56.412271]
2023-11-10 21:23:55.667 TRACE 87122 --- [    Test worker] o.h.type.descriptor.sql.BasicExtractor   : extracted value ([end_time3_8_] : [TIMESTAMP]) - [2023-10-13T12:50]
2023-11-10 21:23:55.667 TRACE 87122 --- [    Test worker] o.h.type.descriptor.sql.BasicExtractor   : extracted value ([is_delet4_8_] : [BOOLEAN]) - [true]
2023-11-10 21:23:55.667 TRACE 87122 --- [    Test worker] o.h.type.descriptor.sql.BasicExtractor   : extracted value ([m_id9_8_] : [BIGINT]) - [1]
2023-11-10 21:23:55.667 TRACE 87122 --- [    Test worker] o.h.type.descriptor.sql.BasicExtractor   : extracted value ([price5_8_] : [INTEGER]) - [12000]
2023-11-10 21:23:55.667 TRACE 87122 --- [    Test worker] o.h.type.descriptor.sql.BasicExtractor   : extracted value ([start_ti6_8_] : [TIMESTAMP]) - [2023-10-13T12:10]
2023-11-10 21:23:55.667 TRACE 87122 --- [    Test worker] o.h.type.descriptor.sql.BasicExtractor   : extracted value ([updated_7_8_] : [TIMESTAMP]) - [2023-11-09T02:49:29.615286]
2023-11-10 21:23:55.667 TRACE 87122 --- [    Test worker] o.h.type.descriptor.sql.BasicExtractor   : extracted value ([id1_8_] : [BIGINT]) - [10]
2023-11-10 21:23:55.667 TRACE 87122 --- [    Test worker] o.h.type.descriptor.sql.BasicExtractor   : extracted value ([b_id8_8_] : [BIGINT]) - [10]
2023-11-10 21:23:55.667 TRACE 87122 --- [    Test worker] o.h.type.descriptor.sql.BasicExtractor   : extracted value ([created_2_8_] : [TIMESTAMP]) - [2023-10-30T17:19:56.412271]
2023-11-10 21:23:55.667 TRACE 87122 --- [    Test worker] o.h.type.descriptor.sql.BasicExtractor   : extracted value ([end_time3_8_] : [TIMESTAMP]) - [2023-10-29T11:30]
2023-11-10 21:23:55.667 TRACE 87122 --- [    Test worker] o.h.type.descriptor.sql.BasicExtractor   : extracted value ([is_delet4_8_] : [BOOLEAN]) - [true]
2023-11-10 21:23:55.667 TRACE 87122 --- [    Test worker] o.h.type.descriptor.sql.BasicExtractor   : extracted value ([m_id9_8_] : [BIGINT]) - [1]
2023-11-10 21:23:55.667 TRACE 87122 --- [    Test worker] o.h.type.descriptor.sql.BasicExtractor   : extracted value ([price5_8_] : [INTEGER]) - [12000]
2023-11-10 21:23:55.667 TRACE 87122 --- [    Test worker] o.h.type.descriptor.sql.BasicExtractor   : extracted value ([start_ti6_8_] : [TIMESTAMP]) - [2023-10-29T11:00]
2023-11-10 21:23:55.667 TRACE 87122 --- [    Test worker] o.h.type.descriptor.sql.BasicExtractor   : extracted value ([updated_7_8_] : [TIMESTAMP]) - [2023-11-01T23:47:34.314384]
2023-11-10 21:23:55.667 TRACE 87122 --- [    Test worker] o.h.type.descriptor.sql.BasicExtractor   : extracted value ([id1_8_] : [BIGINT]) - [16]
2023-11-10 21:23:55.667 TRACE 87122 --- [    Test worker] o.h.type.descriptor.sql.BasicExtractor   : extracted value ([b_id8_8_] : [BIGINT]) - [16]
2023-11-10 21:23:55.667 TRACE 87122 --- [    Test worker] o.h.type.descriptor.sql.BasicExtractor   : extracted value ([created_2_8_] : [TIMESTAMP]) - [2023-10-30T17:14:56]
2023-11-10 21:23:55.667 TRACE 87122 --- [    Test worker] o.h.type.descriptor.sql.BasicExtractor   : extracted value ([end_time3_8_] : [TIMESTAMP]) - [2023-11-03T10:30]
2023-11-10 21:23:55.667 TRACE 87122 --- [    Test worker] o.h.type.descriptor.sql.BasicExtractor   : extracted value ([is_delet4_8_] : [BOOLEAN]) - [false]
2023-11-10 21:23:55.667 TRACE 87122 --- [    Test worker] o.h.type.descriptor.sql.BasicExtractor   : extracted value ([m_id9_8_] : [BIGINT]) - [1]
2023-11-10 21:23:55.667 TRACE 87122 --- [    Test worker] o.h.type.descriptor.sql.BasicExtractor   : extracted value ([price5_8_] : [INTEGER]) - [11000]
2023-11-10 21:23:55.667 TRACE 87122 --- [    Test worker] o.h.type.descriptor.sql.BasicExtractor   : extracted value ([start_ti6_8_] : [TIMESTAMP]) - [2023-11-03T10:00]
2023-11-10 21:23:55.667 TRACE 87122 --- [    Test worker] o.h.type.descriptor.sql.BasicExtractor   : extracted value ([updated_7_8_] : [TIMESTAMP]) - [2023-10-30T17:14:56]
2023-11-10 21:23:55.667 TRACE 87122 --- [    Test worker] o.h.type.descriptor.sql.BasicExtractor   : extracted value ([id1_8_] : [BIGINT]) - [17]
2023-11-10 21:23:55.667 TRACE 87122 --- [    Test worker] o.h.type.descriptor.sql.BasicExtractor   : extracted value ([b_id8_8_] : [BIGINT]) - [17]
2023-11-10 21:23:55.667 TRACE 87122 --- [    Test worker] o.h.type.descriptor.sql.BasicExtractor   : extracted value ([created_2_8_] : [TIMESTAMP]) - [2023-10-30T17:00:56]
2023-11-10 21:23:55.667 TRACE 87122 --- [    Test worker] o.h.type.descriptor.sql.BasicExtractor   : extracted value ([end_time3_8_] : [TIMESTAMP]) - [2023-11-03T12:30]
2023-11-10 21:23:55.667 TRACE 87122 --- [    Test worker] o.h.type.descriptor.sql.BasicExtractor   : extracted value ([is_delet4_8_] : [BOOLEAN]) - [false]
2023-11-10 21:23:55.667 TRACE 87122 --- [    Test worker] o.h.type.descriptor.sql.BasicExtractor   : extracted value ([m_id9_8_] : [BIGINT]) - [1]
2023-11-10 21:23:55.667 TRACE 87122 --- [    Test worker] o.h.type.descriptor.sql.BasicExtractor   : extracted value ([price5_8_] : [INTEGER]) - [10000]
2023-11-10 21:23:55.667 TRACE 87122 --- [    Test worker] o.h.type.descriptor.sql.BasicExtractor   : extracted value ([start_ti6_8_] : [TIMESTAMP]) - [2023-11-03T11:00]
2023-11-10 21:23:55.667 TRACE 87122 --- [    Test worker] o.h.type.descriptor.sql.BasicExtractor   : extracted value ([updated_7_8_] : [TIMESTAMP]) - [2023-10-30T17:00:56]
2023-11-10 21:23:55.667 TRACE 87122 --- [    Test worker] o.h.type.descriptor.sql.BasicExtractor   : extracted value ([id1_8_] : [BIGINT]) - [21]
2023-11-10 21:23:55.668 TRACE 87122 --- [    Test worker] o.h.type.descriptor.sql.BasicExtractor   : extracted value ([b_id8_8_] : [BIGINT]) - [1]
2023-11-10 21:23:55.668 TRACE 87122 --- [    Test worker] o.h.type.descriptor.sql.BasicExtractor   : extracted value ([created_2_8_] : [TIMESTAMP]) - [2023-11-01T23:39:43.960177]
2023-11-10 21:23:55.668 TRACE 87122 --- [    Test worker] o.h.type.descriptor.sql.BasicExtractor   : extracted value ([end_time3_8_] : [TIMESTAMP]) - [2023-10-13T12:40]
2023-11-10 21:23:55.668 TRACE 87122 --- [    Test worker] o.h.type.descriptor.sql.BasicExtractor   : extracted value ([is_delet4_8_] : [BOOLEAN]) - [true]
2023-11-10 21:23:55.668 TRACE 87122 --- [    Test worker] o.h.type.descriptor.sql.BasicExtractor   : extracted value ([m_id9_8_] : [BIGINT]) - [61]
2023-11-10 21:23:55.668 TRACE 87122 --- [    Test worker] o.h.type.descriptor.sql.BasicExtractor   : extracted value ([price5_8_] : [INTEGER]) - [10000]
2023-11-10 21:23:55.668 TRACE 87122 --- [    Test worker] o.h.type.descriptor.sql.BasicExtractor   : extracted value ([start_ti6_8_] : [TIMESTAMP]) - [2023-10-13T12:10]
2023-11-10 21:23:55.668 TRACE 87122 --- [    Test worker] o.h.type.descriptor.sql.BasicExtractor   : extracted value ([updated_7_8_] : [TIMESTAMP]) - [2023-11-01T23:47:12.272712]
2023-11-10 21:23:55.668 TRACE 87122 --- [    Test worker] o.h.type.descriptor.sql.BasicExtractor   : extracted value ([id1_8_] : [BIGINT]) - [22]
2023-11-10 21:23:55.668 TRACE 87122 --- [    Test worker] o.h.type.descriptor.sql.BasicExtractor   : extracted value ([b_id8_8_] : [BIGINT]) - [1]
2023-11-10 21:23:55.668 TRACE 87122 --- [    Test worker] o.h.type.descriptor.sql.BasicExtractor   : extracted value ([created_2_8_] : [TIMESTAMP]) - [2023-11-01T23:50:20.346148]
2023-11-10 21:23:55.668 TRACE 87122 --- [    Test worker] o.h.type.descriptor.sql.BasicExtractor   : extracted value ([end_time3_8_] : [TIMESTAMP]) - [2023-10-13T11:40]
2023-11-10 21:23:55.668 TRACE 87122 --- [    Test worker] o.h.type.descriptor.sql.BasicExtractor   : extracted value ([is_delet4_8_] : [BOOLEAN]) - [true]
2023-11-10 21:23:55.668 TRACE 87122 --- [    Test worker] o.h.type.descriptor.sql.BasicExtractor   : extracted value ([m_id9_8_] : [BIGINT]) - [61]
2023-11-10 21:23:55.668 TRACE 87122 --- [    Test worker] o.h.type.descriptor.sql.BasicExtractor   : extracted value ([price5_8_] : [INTEGER]) - [10000]
2023-11-10 21:23:55.668 TRACE 87122 --- [    Test worker] o.h.type.descriptor.sql.BasicExtractor   : extracted value ([start_ti6_8_] : [TIMESTAMP]) - [2023-10-13T11:10]
2023-11-10 21:23:55.668 TRACE 87122 --- [    Test worker] o.h.type.descriptor.sql.BasicExtractor   : extracted value ([updated_7_8_] : [TIMESTAMP]) - [2023-11-04T21:57:32.549587]
2023-11-10 21:23:55.668 TRACE 87122 --- [    Test worker] o.h.type.descriptor.sql.BasicExtractor   : extracted value ([id1_8_] : [BIGINT]) - [23]
2023-11-10 21:23:55.668 TRACE 87122 --- [    Test worker] o.h.type.descriptor.sql.BasicExtractor   : extracted value ([b_id8_8_] : [BIGINT]) - [17]
2023-11-10 21:23:55.668 TRACE 87122 --- [    Test worker] o.h.type.descriptor.sql.BasicExtractor   : extracted value ([created_2_8_] : [TIMESTAMP]) - [2023-11-02T00:19:49.892438]
2023-11-10 21:23:55.668 TRACE 87122 --- [    Test worker] o.h.type.descriptor.sql.BasicExtractor   : extracted value ([end_time3_8_] : [TIMESTAMP]) - [2023-10-13T11:40]
2023-11-10 21:23:55.668 TRACE 87122 --- [    Test worker] o.h.type.descriptor.sql.BasicExtractor   : extracted value ([is_delet4_8_] : [BOOLEAN]) - [true]
2023-11-10 21:23:55.668 TRACE 87122 --- [    Test worker] o.h.type.descriptor.sql.BasicExtractor   : extracted value ([m_id9_8_] : [BIGINT]) - [61]
2023-11-10 21:23:55.668 TRACE 87122 --- [    Test worker] o.h.type.descriptor.sql.BasicExtractor   : extracted value ([price5_8_] : [INTEGER]) - [100]
2023-11-10 21:23:55.668 TRACE 87122 --- [    Test worker] o.h.type.descriptor.sql.BasicExtractor   : extracted value ([start_ti6_8_] : [TIMESTAMP]) - [2023-10-13T11:10]
2023-11-10 21:23:55.668 TRACE 87122 --- [    Test worker] o.h.type.descriptor.sql.BasicExtractor   : extracted value ([updated_7_8_] : [TIMESTAMP]) - [2023-11-04T21:58:01.059616]
2023-11-10 21:23:55.668 TRACE 87122 --- [    Test worker] o.h.type.descriptor.sql.BasicExtractor   : extracted value ([id1_8_] : [BIGINT]) - [24]
2023-11-10 21:23:55.668 TRACE 87122 --- [    Test worker] o.h.type.descriptor.sql.BasicExtractor   : extracted value ([b_id8_8_] : [BIGINT]) - [17]
2023-11-10 21:23:55.668 TRACE 87122 --- [    Test worker] o.h.type.descriptor.sql.BasicExtractor   : extracted value ([created_2_8_] : [TIMESTAMP]) - [2023-11-02T00:19:56.286087]
2023-11-10 21:23:55.668 TRACE 87122 --- [    Test worker] o.h.type.descriptor.sql.BasicExtractor   : extracted value ([end_time3_8_] : [TIMESTAMP]) - [2023-10-13T13:40]
2023-11-10 21:23:55.668 TRACE 87122 --- [    Test worker] o.h.type.descriptor.sql.BasicExtractor   : extracted value ([is_delet4_8_] : [BOOLEAN]) - [false]
2023-11-10 21:23:55.668 TRACE 87122 --- [    Test worker] o.h.type.descriptor.sql.BasicExtractor   : extracted value ([m_id9_8_] : [BIGINT]) - [61]
2023-11-10 21:23:55.668 TRACE 87122 --- [    Test worker] o.h.type.descriptor.sql.BasicExtractor   : extracted value ([price5_8_] : [INTEGER]) - [100]
2023-11-10 21:23:55.668 TRACE 87122 --- [    Test worker] o.h.type.descriptor.sql.BasicExtractor   : extracted value ([start_ti6_8_] : [TIMESTAMP]) - [2023-10-13T13:10]
2023-11-10 21:23:55.668 TRACE 87122 --- [    Test worker] o.h.type.descriptor.sql.BasicExtractor   : extracted value ([updated_7_8_] : [TIMESTAMP]) - [2023-11-02T00:19:56.286087]
2023-11-10 21:23:55.668 TRACE 87122 --- [    Test worker] o.h.type.descriptor.sql.BasicExtractor   : extracted value ([id1_8_] : [BIGINT]) - [37]
2023-11-10 21:23:55.668 TRACE 87122 --- [    Test worker] o.h.type.descriptor.sql.BasicExtractor   : extracted value ([b_id8_8_] : [BIGINT]) - [1]
2023-11-10 21:23:55.668 TRACE 87122 --- [    Test worker] o.h.type.descriptor.sql.BasicExtractor   : extracted value ([created_2_8_] : [TIMESTAMP]) - [2023-11-02T19:29:49.059448]
2023-11-10 21:23:55.668 TRACE 87122 --- [    Test worker] o.h.type.descriptor.sql.BasicExtractor   : extracted value ([end_time3_8_] : [TIMESTAMP]) - [2023-10-13T12:40]
2023-11-10 21:23:55.668 TRACE 87122 --- [    Test worker] o.h.type.descriptor.sql.BasicExtractor   : extracted value ([is_delet4_8_] : [BOOLEAN]) - [false]
2023-11-10 21:23:55.668 TRACE 87122 --- [    Test worker] o.h.type.descriptor.sql.BasicExtractor   : extracted value ([m_id9_8_] : [BIGINT]) - [2]
2023-11-10 21:23:55.668 TRACE 87122 --- [    Test worker] o.h.type.descriptor.sql.BasicExtractor   : extracted value ([price5_8_] : [INTEGER]) - [3000]
2023-11-10 21:23:55.668 TRACE 87122 --- [    Test worker] o.h.type.descriptor.sql.BasicExtractor   : extracted value ([start_ti6_8_] : [TIMESTAMP]) - [2023-10-13T12:10]
2023-11-10 21:23:55.668 TRACE 87122 --- [    Test worker] o.h.type.descriptor.sql.BasicExtractor   : extracted value ([updated_7_8_] : [TIMESTAMP]) - [2023-11-07T00:21:05.400495]
2023-11-10 21:23:55.668 TRACE 87122 --- [    Test worker] o.h.type.descriptor.sql.BasicExtractor   : extracted value ([id1_8_] : [BIGINT]) - [38]
2023-11-10 21:23:55.668 TRACE 87122 --- [    Test worker] o.h.type.descriptor.sql.BasicExtractor   : extracted value ([b_id8_8_] : [BIGINT]) - [1]
2023-11-10 21:23:55.668 TRACE 87122 --- [    Test worker] o.h.type.descriptor.sql.BasicExtractor   : extracted value ([created_2_8_] : [TIMESTAMP]) - [2023-11-02T19:30:49.811272]
2023-11-10 21:23:55.668 TRACE 87122 --- [    Test worker] o.h.type.descriptor.sql.BasicExtractor   : extracted value ([end_time3_8_] : [TIMESTAMP]) - [2023-11-02T13:40]
2023-11-10 21:23:55.668 TRACE 87122 --- [    Test worker] o.h.type.descriptor.sql.BasicExtractor   : extracted value ([is_delet4_8_] : [BOOLEAN]) - [true]
2023-11-10 21:23:55.668 TRACE 87122 --- [    Test worker] o.h.type.descriptor.sql.BasicExtractor   : extracted value ([m_id9_8_] : [BIGINT]) - [2]
2023-11-10 21:23:55.668 TRACE 87122 --- [    Test worker] o.h.type.descriptor.sql.BasicExtractor   : extracted value ([price5_8_] : [INTEGER]) - [3000]
2023-11-10 21:23:55.668 TRACE 87122 --- [    Test worker] o.h.type.descriptor.sql.BasicExtractor   : extracted value ([start_ti6_8_] : [TIMESTAMP]) - [2023-11-02T13:10]
2023-11-10 21:23:55.668 TRACE 87122 --- [    Test worker] o.h.type.descriptor.sql.BasicExtractor   : extracted value ([updated_7_8_] : [TIMESTAMP]) - [2023-11-07T00:20:29.099594]
2023-11-10 21:23:55.668 TRACE 87122 --- [    Test worker] o.h.type.descriptor.sql.BasicExtractor   : extracted value ([id1_8_] : [BIGINT]) - [39]
2023-11-10 21:23:55.668 TRACE 87122 --- [    Test worker] o.h.type.descriptor.sql.BasicExtractor   : extracted value ([b_id8_8_] : [BIGINT]) - [1]
2023-11-10 21:23:55.668 TRACE 87122 --- [    Test worker] o.h.type.descriptor.sql.BasicExtractor   : extracted value ([created_2_8_] : [TIMESTAMP]) - [2023-11-03T17:38:07.389456]
2023-11-10 21:23:55.668 TRACE 87122 --- [    Test worker] o.h.type.descriptor.sql.BasicExtractor   : extracted value ([end_time3_8_] : [TIMESTAMP]) - [2023-11-01T11:00]
2023-11-10 21:23:55.668 TRACE 87122 --- [    Test worker] o.h.type.descriptor.sql.BasicExtractor   : extracted value ([is_delet4_8_] : [BOOLEAN]) - [false]
2023-11-10 21:23:55.668 TRACE 87122 --- [    Test worker] o.h.type.descriptor.sql.BasicExtractor   : extracted value ([m_id9_8_] : [BIGINT]) - [1]
2023-11-10 21:23:55.668 TRACE 87122 --- [    Test worker] o.h.type.descriptor.sql.BasicExtractor   : extracted value ([price5_8_] : [INTEGER]) - [6000]
2023-11-10 21:23:55.669 TRACE 87122 --- [    Test worker] o.h.type.descriptor.sql.BasicExtractor   : extracted value ([start_ti6_8_] : [TIMESTAMP]) - [2023-11-01T10:00]
2023-11-10 21:23:55.669 TRACE 87122 --- [    Test worker] o.h.type.descriptor.sql.BasicExtractor   : extracted value ([updated_7_8_] : [TIMESTAMP]) - [2023-11-03T17:38:07.389456]
2023-11-10 21:23:55.669 TRACE 87122 --- [    Test worker] o.h.type.descriptor.sql.BasicExtractor   : extracted value ([id1_8_] : [BIGINT]) - [40]
2023-11-10 21:23:55.669 TRACE 87122 --- [    Test worker] o.h.type.descriptor.sql.BasicExtractor   : extracted value ([b_id8_8_] : [BIGINT]) - [1]
2023-11-10 21:23:55.669 TRACE 87122 --- [    Test worker] o.h.type.descriptor.sql.BasicExtractor   : extracted value ([created_2_8_] : [TIMESTAMP]) - [2023-11-03T19:32:06.092724]
2023-11-10 21:23:55.669 TRACE 87122 --- [    Test worker] o.h.type.descriptor.sql.BasicExtractor   : extracted value ([end_time3_8_] : [TIMESTAMP]) - [2023-11-01T10:00]
2023-11-10 21:23:55.669 TRACE 87122 --- [    Test worker] o.h.type.descriptor.sql.BasicExtractor   : extracted value ([is_delet4_8_] : [BOOLEAN]) - [false]
2023-11-10 21:23:55.669 TRACE 87122 --- [    Test worker] o.h.type.descriptor.sql.BasicExtractor   : extracted value ([m_id9_8_] : [BIGINT]) - [1]
2023-11-10 21:23:55.669 TRACE 87122 --- [    Test worker] o.h.type.descriptor.sql.BasicExtractor   : extracted value ([price5_8_] : [INTEGER]) - [6000]
2023-11-10 21:23:55.669 TRACE 87122 --- [    Test worker] o.h.type.descriptor.sql.BasicExtractor   : extracted value ([start_ti6_8_] : [TIMESTAMP]) - [2023-11-01T09:00]
2023-11-10 21:23:55.669 TRACE 87122 --- [    Test worker] o.h.type.descriptor.sql.BasicExtractor   : extracted value ([updated_7_8_] : [TIMESTAMP]) - [2023-11-03T19:32:06.092724]
2023-11-10 21:23:55.669 TRACE 87122 --- [    Test worker] o.h.type.descriptor.sql.BasicExtractor   : extracted value ([id1_8_] : [BIGINT]) - [41]
2023-11-10 21:23:55.669 TRACE 87122 --- [    Test worker] o.h.type.descriptor.sql.BasicExtractor   : extracted value ([b_id8_8_] : [BIGINT]) - [1]
2023-11-10 21:23:55.669 TRACE 87122 --- [    Test worker] o.h.type.descriptor.sql.BasicExtractor   : extracted value ([created_2_8_] : [TIMESTAMP]) - [2023-11-03T20:01:55.531780]
2023-11-10 21:23:55.670 TRACE 87122 --- [    Test worker] o.h.type.descriptor.sql.BasicExtractor   : extracted value ([end_time3_8_] : [TIMESTAMP]) - [2023-11-01T09:00]
2023-11-10 21:23:55.670 TRACE 87122 --- [    Test worker] o.h.type.descriptor.sql.BasicExtractor   : extracted value ([is_delet4_8_] : [BOOLEAN]) - [false]
2023-11-10 21:23:55.670 TRACE 87122 --- [    Test worker] o.h.type.descriptor.sql.BasicExtractor   : extracted value ([m_id9_8_] : [BIGINT]) - [1]
2023-11-10 21:23:55.670 TRACE 87122 --- [    Test worker] o.h.type.descriptor.sql.BasicExtractor   : extracted value ([price5_8_] : [INTEGER]) - [0]
2023-11-10 21:23:55.670 TRACE 87122 --- [    Test worker] o.h.type.descriptor.sql.BasicExtractor   : extracted value ([start_ti6_8_] : [TIMESTAMP]) - [2023-11-01T09:00]
2023-11-10 21:23:55.670 TRACE 87122 --- [    Test worker] o.h.type.descriptor.sql.BasicExtractor   : extracted value ([updated_7_8_] : [TIMESTAMP]) - [2023-11-03T20:01:55.531780]
2023-11-10 21:23:55.670 TRACE 87122 --- [    Test worker] o.h.type.descriptor.sql.BasicExtractor   : extracted value ([id1_8_] : [BIGINT]) - [42]
2023-11-10 21:23:55.670 TRACE 87122 --- [    Test worker] o.h.type.descriptor.sql.BasicExtractor   : extracted value ([b_id8_8_] : [BIGINT]) - [1]
2023-11-10 21:23:55.670 TRACE 87122 --- [    Test worker] o.h.type.descriptor.sql.BasicExtractor   : extracted value ([created_2_8_] : [TIMESTAMP]) - [2023-11-03T20:05:58.228837]
2023-11-10 21:23:55.670 TRACE 87122 --- [    Test worker] o.h.type.descriptor.sql.BasicExtractor   : extracted value ([end_time3_8_] : [TIMESTAMP]) - [2024-11-01T10:00]
2023-11-10 21:23:55.670 TRACE 87122 --- [    Test worker] o.h.type.descriptor.sql.BasicExtractor   : extracted value ([is_delet4_8_] : [BOOLEAN]) - [false]
2023-11-10 21:23:55.670 TRACE 87122 --- [    Test worker] o.h.type.descriptor.sql.BasicExtractor   : extracted value ([m_id9_8_] : [BIGINT]) - [1]
2023-11-10 21:23:55.670 TRACE 87122 --- [    Test worker] o.h.type.descriptor.sql.BasicExtractor   : extracted value ([price5_8_] : [INTEGER]) - [6000]
2023-11-10 21:23:55.670 TRACE 87122 --- [    Test worker] o.h.type.descriptor.sql.BasicExtractor   : extracted value ([start_ti6_8_] : [TIMESTAMP]) - [2024-11-01T09:00]
2023-11-10 21:23:55.670 TRACE 87122 --- [    Test worker] o.h.type.descriptor.sql.BasicExtractor   : extracted value ([updated_7_8_] : [TIMESTAMP]) - [2023-11-03T20:05:58.228837]
2023-11-10 21:23:55.670 TRACE 87122 --- [    Test worker] o.h.type.descriptor.sql.BasicExtractor   : extracted value ([id1_8_] : [BIGINT]) - [43]
2023-11-10 21:23:55.670 TRACE 87122 --- [    Test worker] o.h.type.descriptor.sql.BasicExtractor   : extracted value ([b_id8_8_] : [BIGINT]) - [1]
2023-11-10 21:23:55.671 TRACE 87122 --- [    Test worker] o.h.type.descriptor.sql.BasicExtractor   : extracted value ([created_2_8_] : [TIMESTAMP]) - [2023-11-03T20:33:56.312323]
2023-11-10 21:23:55.671 TRACE 87122 --- [    Test worker] o.h.type.descriptor.sql.BasicExtractor   : extracted value ([end_time3_8_] : [TIMESTAMP]) - [2024-11-01T11:00]
2023-11-10 21:23:55.671 TRACE 87122 --- [    Test worker] o.h.type.descriptor.sql.BasicExtractor   : extracted value ([is_delet4_8_] : [BOOLEAN]) - [false]
2023-11-10 21:23:55.671 TRACE 87122 --- [    Test worker] o.h.type.descriptor.sql.BasicExtractor   : extracted value ([m_id9_8_] : [BIGINT]) - [1]
2023-11-10 21:23:55.671 TRACE 87122 --- [    Test worker] o.h.type.descriptor.sql.BasicExtractor   : extracted value ([price5_8_] : [INTEGER]) - [6000]
2023-11-10 21:23:55.671 TRACE 87122 --- [    Test worker] o.h.type.descriptor.sql.BasicExtractor   : extracted value ([start_ti6_8_] : [TIMESTAMP]) - [2024-11-01T10:00]
2023-11-10 21:23:55.671 TRACE 87122 --- [    Test worker] o.h.type.descriptor.sql.BasicExtractor   : extracted value ([updated_7_8_] : [TIMESTAMP]) - [2023-11-03T20:33:56.312323]
2023-11-10 21:23:55.671 TRACE 87122 --- [    Test worker] o.h.type.descriptor.sql.BasicExtractor   : extracted value ([id1_8_] : [BIGINT]) - [44]
2023-11-10 21:23:55.671 TRACE 87122 --- [    Test worker] o.h.type.descriptor.sql.BasicExtractor   : extracted value ([b_id8_8_] : [BIGINT]) - [1]
2023-11-10 21:23:55.671 TRACE 87122 --- [    Test worker] o.h.type.descriptor.sql.BasicExtractor   : extracted value ([created_2_8_] : [TIMESTAMP]) - [2023-11-03T20:48:07.670962]
2023-11-10 21:23:55.671 TRACE 87122 --- [    Test worker] o.h.type.descriptor.sql.BasicExtractor   : extracted value ([end_time3_8_] : [TIMESTAMP]) - [2024-11-01T12:00]
2023-11-10 21:23:55.671 TRACE 87122 --- [    Test worker] o.h.type.descriptor.sql.BasicExtractor   : extracted value ([is_delet4_8_] : [BOOLEAN]) - [false]
2023-11-10 21:23:55.671 TRACE 87122 --- [    Test worker] o.h.type.descriptor.sql.BasicExtractor   : extracted value ([m_id9_8_] : [BIGINT]) - [1]
2023-11-10 21:23:55.671 TRACE 87122 --- [    Test worker] o.h.type.descriptor.sql.BasicExtractor   : extracted value ([price5_8_] : [INTEGER]) - [6000]
2023-11-10 21:23:55.671 TRACE 87122 --- [    Test worker] o.h.type.descriptor.sql.BasicExtractor   : extracted value ([start_ti6_8_] : [TIMESTAMP]) - [2024-11-01T11:00]
2023-11-10 21:23:55.671 TRACE 87122 --- [    Test worker] o.h.type.descriptor.sql.BasicExtractor   : extracted value ([updated_7_8_] : [TIMESTAMP]) - [2023-11-03T20:48:07.670962]
2023-11-10 21:23:55.671 TRACE 87122 --- [    Test worker] o.h.type.descriptor.sql.BasicExtractor   : extracted value ([id1_8_] : [BIGINT]) - [45]
2023-11-10 21:23:55.671 TRACE 87122 --- [    Test worker] o.h.type.descriptor.sql.BasicExtractor   : extracted value ([b_id8_8_] : [BIGINT]) - [1]
2023-11-10 21:23:55.671 TRACE 87122 --- [    Test worker] o.h.type.descriptor.sql.BasicExtractor   : extracted value ([created_2_8_] : [TIMESTAMP]) - [2023-11-03T21:01:05.303063]
2023-11-10 21:23:55.671 TRACE 87122 --- [    Test worker] o.h.type.descriptor.sql.BasicExtractor   : extracted value ([end_time3_8_] : [TIMESTAMP]) - [2024-11-01T13:00]
2023-11-10 21:23:55.671 TRACE 87122 --- [    Test worker] o.h.type.descriptor.sql.BasicExtractor   : extracted value ([is_delet4_8_] : [BOOLEAN]) - [false]
2023-11-10 21:23:55.671 TRACE 87122 --- [    Test worker] o.h.type.descriptor.sql.BasicExtractor   : extracted value ([m_id9_8_] : [BIGINT]) - [1]
2023-11-10 21:23:55.671 TRACE 87122 --- [    Test worker] o.h.type.descriptor.sql.BasicExtractor   : extracted value ([price5_8_] : [INTEGER]) - [6000]
2023-11-10 21:23:55.671 TRACE 87122 --- [    Test worker] o.h.type.descriptor.sql.BasicExtractor   : extracted value ([start_ti6_8_] : [TIMESTAMP]) - [2024-11-01T12:00]
2023-11-10 21:23:55.671 TRACE 87122 --- [    Test worker] o.h.type.descriptor.sql.BasicExtractor   : extracted value ([updated_7_8_] : [TIMESTAMP]) - [2023-11-03T21:01:05.303063]
2023-11-10 21:23:55.671 TRACE 87122 --- [    Test worker] o.h.type.descriptor.sql.BasicExtractor   : extracted value ([id1_8_] : [BIGINT]) - [46]
2023-11-10 21:23:55.671 TRACE 87122 --- [    Test worker] o.h.type.descriptor.sql.BasicExtractor   : extracted value ([b_id8_8_] : [BIGINT]) - [1]
2023-11-10 21:23:55.671 TRACE 87122 --- [    Test worker] o.h.type.descriptor.sql.BasicExtractor   : extracted value ([created_2_8_] : [TIMESTAMP]) - [2023-11-03T21:33:46.376654]
2023-11-10 21:23:55.671 TRACE 87122 --- [    Test worker] o.h.type.descriptor.sql.BasicExtractor   : extracted value ([end_time3_8_] : [TIMESTAMP]) - [2023-10-18T22:00]
2023-11-10 21:23:55.671 TRACE 87122 --- [    Test worker] o.h.type.descriptor.sql.BasicExtractor   : extracted value ([is_delet4_8_] : [BOOLEAN]) - [false]
2023-11-10 21:23:55.671 TRACE 87122 --- [    Test worker] o.h.type.descriptor.sql.BasicExtractor   : extracted value ([m_id9_8_] : [BIGINT]) - [61]
2023-11-10 21:23:55.671 TRACE 87122 --- [    Test worker] o.h.type.descriptor.sql.BasicExtractor   : extracted value ([price5_8_] : [INTEGER]) - [3000]
2023-11-10 21:23:55.671 TRACE 87122 --- [    Test worker] o.h.type.descriptor.sql.BasicExtractor   : extracted value ([start_ti6_8_] : [TIMESTAMP]) - [2023-10-18T21:30]
2023-11-10 21:23:55.671 TRACE 87122 --- [    Test worker] o.h.type.descriptor.sql.BasicExtractor   : extracted value ([updated_7_8_] : [TIMESTAMP]) - [2023-11-06T13:38:02.720037]
2023-11-10 21:23:55.671 TRACE 87122 --- [    Test worker] o.h.type.descriptor.sql.BasicExtractor   : extracted value ([id1_8_] : [BIGINT]) - [47]
2023-11-10 21:23:55.671 TRACE 87122 --- [    Test worker] o.h.type.descriptor.sql.BasicExtractor   : extracted value ([b_id8_8_] : [BIGINT]) - [1]
2023-11-10 21:23:55.671 TRACE 87122 --- [    Test worker] o.h.type.descriptor.sql.BasicExtractor   : extracted value ([created_2_8_] : [TIMESTAMP]) - [2023-11-03T22:39:13.924831]
2023-11-10 21:23:55.671 TRACE 87122 --- [    Test worker] o.h.type.descriptor.sql.BasicExtractor   : extracted value ([end_time3_8_] : [TIMESTAMP]) - [2024-11-01T18:00]
2023-11-10 21:23:55.671 TRACE 87122 --- [    Test worker] o.h.type.descriptor.sql.BasicExtractor   : extracted value ([is_delet4_8_] : [BOOLEAN]) - [true]
2023-11-10 21:23:55.671 TRACE 87122 --- [    Test worker] o.h.type.descriptor.sql.BasicExtractor   : extracted value ([m_id9_8_] : [BIGINT]) - [61]
2023-11-10 21:23:55.671 TRACE 87122 --- [    Test worker] o.h.type.descriptor.sql.BasicExtractor   : extracted value ([price5_8_] : [INTEGER]) - [6000]
2023-11-10 21:23:55.671 TRACE 87122 --- [    Test worker] o.h.type.descriptor.sql.BasicExtractor   : extracted value ([start_ti6_8_] : [TIMESTAMP]) - [2024-11-01T17:00]
2023-11-10 21:23:55.671 TRACE 87122 --- [    Test worker] o.h.type.descriptor.sql.BasicExtractor   : extracted value ([updated_7_8_] : [TIMESTAMP]) - [2023-11-06T13:23:40.449351]
2023-11-10 21:23:55.671 TRACE 87122 --- [    Test worker] o.h.type.descriptor.sql.BasicExtractor   : extracted value ([id1_8_] : [BIGINT]) - [48]
[...]
2023-11-10 21:23:56.009  INFO 87122 --- [    Test worker] o.s.t.c.transaction.TransactionContext   : Began transaction (1) for test context [DefaultTestContext@47d6a31a testClass = ReservationRestControllerTest, testInstance = bdbe.bdbd.reservation.ReservationRestControllerTest@728c3a0e, testMethod = fetchLatestReservation_test@ReservationRestControllerTest, testException = [null], mergedContextConfiguration = [WebMergedContextConfiguration@14df8bee testClass = ReservationRestControllerTest, locations = '{}', classes = '{class bdbe.bdbd.BdbdApplication}', contextInitializerClasses = '[]', activeProfiles = '{}', propertySourceLocations = '{}', propertySourceProperties = '{org.springframework.boot.test.context.SpringBootTestContextBootstrapper=true}', contextCustomizers = set[org.springframework.boot.test.autoconfigure.actuate.metrics.MetricsExportContextCustomizerFactory$DisableMetricExportContextCustomizer@4b3c354a, org.springframework.boot.test.autoconfigure.properties.PropertyMappingContextCustomizer@4b3fa0b3, org.springframework.boot.test.autoconfigure.web.servlet.WebDriverContextCustomizerFactory$Customizer@293d0107, [ImportsContextCustomizer@57dcdc14 key = [org.springframework.boot.test.autoconfigure.web.servlet.MockMvcAutoConfiguration, org.springframework.boot.test.autoconfigure.web.servlet.MockMvcWebClientAutoConfiguration, org.springframework.boot.test.autoconfigure.web.servlet.MockMvcWebDriverAutoConfiguration, org.springframework.boot.autoconfigure.security.oauth2.client.servlet.OAuth2ClientAutoConfiguration, org.springframework.boot.autoconfigure.security.oauth2.resource.servlet.OAuth2ResourceServerAutoConfiguration, org.springframework.boot.autoconfigure.security.servlet.SecurityAutoConfiguration, org.springframework.boot.autoconfigure.security.servlet.SecurityFilterAutoConfiguration, org.springframework.boot.autoconfigure.security.servlet.UserDetailsServiceAutoConfiguration, org.springframework.boot.test.autoconfigure.web.servlet.MockMvcSecurityConfiguration, org.springframework.boot.test.autoconfigure.web.reactive.WebTestClientAutoConfiguration]], org.springframework.boot.test.context.filter.ExcludeFilterContextCustomizer@62fad19, org.springframework.boot.test.json.DuplicateJsonObjectContextCustomizerFactory$DuplicateJsonObjectContextCustomizer@4f2613d1, org.springframework.boot.test.mock.mockito.MockitoContextCustomizer@0, org.springframework.boot.test.web.client.TestRestTemplateContextCustomizer@1c55f277, org.springframework.boot.test.context.SpringBootTestArgs@1, org.springframework.boot.test.context.SpringBootTestWebEnvironment@4ea5b703], resourceBasePath = 'src/main/webapp', contextLoader = 'org.springframework.boot.test.context.SpringBootContextLoader', parent = [null]], attributes = map['org.springframework.test.context.web.ServletTestExecutionListener.activateListener' -> true, 'org.springframework.test.context.web.ServletTestExecutionListener.populatedRequestContextHolder' -> true, 'org.springframework.test.context.web.ServletTestExecutionListener.resetRequestContextHolder' -> true, 'org.springframework.test.context.event.ApplicationEventsTestExecutionListener.recordApplicationEvents' -> false]]; transaction manager [org.springframework.orm.jpa.JpaTransactionManager@17fac5b2]; rollback [true]
Hibernate: 
    select
        member0_.id as id1_6_,
        member0_.email as email2_6_,
        member0_.password as password3_6_,
        member0_.role as role4_6_,
        member0_.tel as tel5_6_,
        member0_.username as username6_6_ 
    from
        member member0_ 
    where
        member0_.email=?
2023-11-10 21:23:56.014 TRACE 87122 --- [    Test worker] o.h.type.descriptor.sql.BasicBinder      : binding parameter [1] as [VARCHAR] - [user@nate.com]
2023-11-10 21:23:56.027 TRACE 87122 --- [    Test worker] o.h.type.descriptor.sql.BasicExtractor   : extracted value ([id1_6_] : [BIGINT]) - [1]
2023-11-10 21:23:56.027 TRACE 87122 --- [    Test worker] o.h.type.descriptor.sql.BasicExtractor   : extracted value ([email2_6_] : [VARCHAR]) - [user@nate.com]
2023-11-10 21:23:56.027 TRACE 87122 --- [    Test worker] o.h.type.descriptor.sql.BasicExtractor   : extracted value ([password3_6_] : [VARCHAR]) - [{bcrypt}$2a$10$v8NhNtmO91URnZ9nJIYdSeapN9qj4qxBHuf8Kd/hkms9.eRUEHcQS]
2023-11-10 21:23:56.027 TRACE 87122 --- [    Test worker] o.h.type.descriptor.sql.BasicExtractor   : extracted value ([role4_6_] : [VARCHAR]) - [ROLE_USER]
2023-11-10 21:23:56.027 TRACE 87122 --- [    Test worker] o.h.type.descriptor.sql.BasicExtractor   : extracted value ([tel5_6_] : [VARCHAR]) - [010-1234-5678]
2023-11-10 21:23:56.027 TRACE 87122 --- [    Test worker] o.h.type.descriptor.sql.BasicExtractor   : extracted value ([username6_6_] : [VARCHAR]) - [imnewuser]
Hibernate: 
    select
        member0_.id as id1_6_,
        member0_.email as email2_6_,
        member0_.password as password3_6_,
        member0_.role as role4_6_,
        member0_.tel as tel5_6_,
        member0_.username as username6_6_ 
    from
        member member0_ 
    where
        member0_.email=?
2023-11-10 21:23:56.030 TRACE 87122 --- [    Test worker] o.h.type.descriptor.sql.BasicBinder      : binding parameter [1] as [VARCHAR] - [user@nate.com]
2023-11-10 21:23:56.040 TRACE 87122 --- [    Test worker] o.h.type.descriptor.sql.BasicExtractor   : extracted value ([id1_6_] : [BIGINT]) - [1]
Hibernate: 
    select
        bay0_.id as id1_0_,
        bay0_.bay_num as bay_num2_0_,
        bay0_.w_id as w_id4_0_,
        bay0_.status as status3_0_ 
    from
        bay bay0_ limit ?
2023-11-10 21:23:56.051 TRACE 87122 --- [    Test worker] o.h.type.descriptor.sql.BasicExtractor   : extracted value ([id1_0_] : [BIGINT]) - [1]
2023-11-10 21:23:56.052 TRACE 87122 --- [    Test worker] o.h.type.descriptor.sql.BasicExtractor   : extracted value ([bay_num2_0_] : [INTEGER]) - [1]
2023-11-10 21:23:56.052 TRACE 87122 --- [    Test worker] o.h.type.descriptor.sql.BasicExtractor   : extracted value ([w_id4_0_] : [BIGINT]) - [1]
2023-11-10 21:23:56.052 TRACE 87122 --- [    Test worker] o.h.type.descriptor.sql.BasicExtractor   : extracted value ([status3_0_] : [INTEGER]) - [1]
Hibernate: 
    insert 
    into
        reservation
        (b_id, created_at, end_time, is_deleted, m_id, price, start_time, updated_at) 
    values
        (?, ?, ?, ?, ?, ?, ?, ?)
2023-11-10 21:23:56.053 TRACE 87122 --- [    Test worker] o.h.type.descriptor.sql.BasicBinder      : binding parameter [1] as [BIGINT] - [1]
2023-11-10 21:23:56.053 TRACE 87122 --- [    Test worker] o.h.type.descriptor.sql.BasicBinder      : binding parameter [2] as [TIMESTAMP] - [2023-11-10T21:23:56.052678]
2023-11-10 21:23:56.053 TRACE 87122 --- [    Test worker] o.h.type.descriptor.sql.BasicBinder      : binding parameter [3] as [TIMESTAMP] - [2023-11-10T21:53:56.052481]
2023-11-10 21:23:56.053 TRACE 87122 --- [    Test worker] o.h.type.descriptor.sql.BasicBinder      : binding parameter [4] as [BOOLEAN] - [false]
2023-11-10 21:23:56.053 TRACE 87122 --- [    Test worker] o.h.type.descriptor.sql.BasicBinder      : binding parameter [5] as [BIGINT] - [1]
2023-11-10 21:23:56.053 TRACE 87122 --- [    Test worker] o.h.type.descriptor.sql.BasicBinder      : binding parameter [6] as [INTEGER] - [4000]
2023-11-10 21:23:56.053 TRACE 87122 --- [    Test worker] o.h.type.descriptor.sql.BasicBinder      : binding parameter [7] as [TIMESTAMP] - [2023-11-10T21:23:56.052465]
2023-11-10 21:23:56.053 TRACE 87122 --- [    Test worker] o.h.type.descriptor.sql.BasicBinder      : binding parameter [8] as [TIMESTAMP] - [2023-11-10T21:23:56.052678]
응답 Body : 
2023-11-10 21:23:56.090  INFO 87122 --- [    Test worker] o.s.t.c.transaction.TransactionContext   : Rolled back transaction for test: [DefaultTestContext@47d6a31a testClass = ReservationRestControllerTest, testInstance = bdbe.bdbd.reservation.ReservationRestControllerTest@728c3a0e, testMethod = fetchLatestReservation_test@ReservationRestControllerTest, testException = [null], mergedContextConfiguration = [WebMergedContextConfiguration@14df8bee testClass = ReservationRestControllerTest, locations = '{}', classes = '{class bdbe.bdbd.BdbdApplication}', contextInitializerClasses = '[]', activeProfiles = '{}', propertySourceLocations = '{}', propertySourceProperties = '{org.springframework.boot.test.context.SpringBootTestContextBootstrapper=true}', contextCustomizers = set[org.springframework.boot.test.autoconfigure.actuate.metrics.MetricsExportContextCustomizerFactory$DisableMetricExportContextCustomizer@4b3c354a, org.springframework.boot.test.autoconfigure.properties.PropertyMappingContextCustomizer@4b3fa0b3, org.springframework.boot.test.autoconfigure.web.servlet.WebDriverContextCustomizerFactory$Customizer@293d0107, [ImportsContextCustomizer@57dcdc14 key = [org.springframework.boot.test.autoconfigure.web.servlet.MockMvcAutoConfiguration, org.springframework.boot.test.autoconfigure.web.servlet.MockMvcWebClientAutoConfiguration, org.springframework.boot.test.autoconfigure.web.servlet.MockMvcWebDriverAutoConfiguration, org.springframework.boot.autoconfigure.security.oauth2.client.servlet.OAuth2ClientAutoConfiguration, org.springframework.boot.autoconfigure.security.oauth2.resource.servlet.OAuth2ResourceServerAutoConfiguration, org.springframework.boot.autoconfigure.security.servlet.SecurityAutoConfiguration, org.springframework.boot.autoconfigure.security.servlet.SecurityFilterAutoConfiguration, org.springframework.boot.autoconfigure.security.servlet.UserDetailsServiceAutoConfiguration, org.springframework.boot.test.autoconfigure.web.servlet.MockMvcSecurityConfiguration, org.springframework.boot.test.autoconfigure.web.reactive.WebTestClientAutoConfiguration]], org.springframework.boot.test.context.filter.ExcludeFilterContextCustomizer@62fad19, org.springframework.boot.test.json.DuplicateJsonObjectContextCustomizerFactory$DuplicateJsonObjectContextCustomizer@4f2613d1, org.springframework.boot.test.mock.mockito.MockitoContextCustomizer@0, org.springframework.boot.test.web.client.TestRestTemplateContextCustomizer@1c55f277, org.springframework.boot.test.context.SpringBootTestArgs@1, org.springframework.boot.test.context.SpringBootTestWebEnvironment@4ea5b703], resourceBasePath = 'src/main/webapp', contextLoader = 'org.springframework.boot.test.context.SpringBootContextLoader', parent = [null]], attributes = map['org.springframework.test.context.web.ServletTestExecutionListener.activateListener' -> true, 'org.springframework.test.context.web.ServletTestExecutionListener.populatedRequestContextHolder' -> true, 'org.springframework.test.context.web.ServletTestExecutionListener.resetRequestContextHolder' -> true, 'org.springframework.test.context.event.ApplicationEventsTestExecutionListener.recordApplicationEvents' -> false]]
2023-11-10 21:23:56.101  INFO 87122 --- [    Test worker] o.s.t.c.transaction.TransactionContext   : Began transaction (1) for test context [DefaultTestContext@47d6a31a testClass = ReservationRestControllerTest, testInstance = bdbe.bdbd.reservation.ReservationRestControllerTest@44e31522, testMethod = fetchRecentReservation_test@ReservationRestControllerTest, testException = [null], mergedContextConfiguration = [WebMergedContextConfiguration@14df8bee testClass = ReservationRestControllerTest, locations = '{}', classes = '{class bdbe.bdbd.BdbdApplication}', contextInitializerClasses = '[]', activeProfiles = '{}', propertySourceLocations = '{}', propertySourceProperties = '{org.springframework.boot.test.context.SpringBootTestContextBootstrapper=true}', contextCustomizers = set[org.springframework.boot.test.autoconfigure.actuate.metrics.MetricsExportContextCustomizerFactory$DisableMetricExportContextCustomizer@4b3c354a, org.springframework.boot.test.autoconfigure.properties.PropertyMappingContextCustomizer@4b3fa0b3, org.springframework.boot.test.autoconfigure.web.servlet.WebDriverContextCustomizerFactory$Customizer@293d0107, [ImportsContextCustomizer@57dcdc14 key = [org.springframework.boot.test.autoconfigure.web.servlet.MockMvcAutoConfiguration, org.springframework.boot.test.autoconfigure.web.servlet.MockMvcWebClientAutoConfiguration, org.springframework.boot.test.autoconfigure.web.servlet.MockMvcWebDriverAutoConfiguration, org.springframework.boot.autoconfigure.security.oauth2.client.servlet.OAuth2ClientAutoConfiguration, org.springframework.boot.autoconfigure.security.oauth2.resource.servlet.OAuth2ResourceServerAutoConfiguration, org.springframework.boot.autoconfigure.security.servlet.SecurityAutoConfiguration, org.springframework.boot.autoconfigure.security.servlet.SecurityFilterAutoConfiguration, org.springframework.boot.autoconfigure.security.servlet.UserDetailsServiceAutoConfiguration, org.springframework.boot.test.autoconfigure.web.servlet.MockMvcSecurityConfiguration, org.springframework.boot.test.autoconfigure.web.reactive.WebTestClientAutoConfiguration]], org.springframework.boot.test.context.filter.ExcludeFilterContextCustomizer@62fad19, org.springframework.boot.test.json.DuplicateJsonObjectContextCustomizerFactory$DuplicateJsonObjectContextCustomizer@4f2613d1, org.springframework.boot.test.mock.mockito.MockitoContextCustomizer@0, org.springframework.boot.test.web.client.TestRestTemplateContextCustomizer@1c55f277, org.springframework.boot.test.context.SpringBootTestArgs@1, org.springframework.boot.test.context.SpringBootTestWebEnvironment@4ea5b703], resourceBasePath = 'src/main/webapp', contextLoader = 'org.springframework.boot.test.context.SpringBootContextLoader', parent = [null]], attributes = map['org.springframework.test.context.web.ServletTestExecutionListener.activateListener' -> true, 'org.springframework.test.context.web.ServletTestExecutionListener.populatedRequestContextHolder' -> true, 'org.springframework.test.context.web.ServletTestExecutionListener.resetRequestContextHolder' -> true, 'org.springframework.test.context.event.ApplicationEventsTestExecutionListener.recordApplicationEvents' -> false]]; transaction manager [org.springframework.orm.jpa.JpaTransactionManager@17fac5b2]; rollback [true]
Hibernate: 
    select
        member0_.id as id1_6_,
        member0_.email as email2_6_,
        member0_.password as password3_6_,
        member0_.role as role4_6_,
        member0_.tel as tel5_6_,
        member0_.username as username6_6_ 
    from
        member member0_ 
    where
        member0_.email=?
2023-11-10 21:23:56.102 TRACE 87122 --- [    Test worker] o.h.type.descriptor.sql.BasicBinder      : binding parameter [1] as [VARCHAR] - [user@nate.com]
2023-11-10 21:23:56.112 TRACE 87122 --- [    Test worker] o.h.type.descriptor.sql.BasicExtractor   : extracted value ([id1_6_] : [BIGINT]) - [1]
2023-11-10 21:23:56.112 TRACE 87122 --- [    Test worker] o.h.type.descriptor.sql.BasicExtractor   : extracted value ([email2_6_] : [VARCHAR]) - [user@nate.com]
2023-11-10 21:23:56.112 TRACE 87122 --- [    Test worker] o.h.type.descriptor.sql.BasicExtractor   : extracted value ([password3_6_] : [VARCHAR]) - [{bcrypt}$2a$10$v8NhNtmO91URnZ9nJIYdSeapN9qj4qxBHuf8Kd/hkms9.eRUEHcQS]
2023-11-10 21:23:56.112 TRACE 87122 --- [    Test worker] o.h.type.descriptor.sql.BasicExtractor   : extracted value ([role4_6_] : [VARCHAR]) - [ROLE_USER]
2023-11-10 21:23:56.112 TRACE 87122 --- [    Test worker] o.h.type.descriptor.sql.BasicExtractor   : extracted value ([tel5_6_] : [VARCHAR]) - [010-1234-5678]
2023-11-10 21:23:56.112 TRACE 87122 --- [    Test worker] o.h.type.descriptor.sql.BasicExtractor   : extracted value ([username6_6_] : [VARCHAR]) - [imnewuser]
응답 Body : 
2023-11-10 21:23:56.136  INFO 87122 --- [    Test worker] o.s.t.c.transaction.TransactionContext   : Rolled back transaction for test: [DefaultTestContext@47d6a31a testClass = ReservationRestControllerTest, testInstance = bdbe.bdbd.reservation.ReservationRestControllerTest@44e31522, testMethod = fetchRecentReservation_test@ReservationRestControllerTest, testException = [null], mergedContextConfiguration = [WebMergedContextConfiguration@14df8bee testClass = ReservationRestControllerTest, locations = '{}', classes = '{class bdbe.bdbd.BdbdApplication}', contextInitializerClasses = '[]', activeProfiles = '{}', propertySourceLocations = '{}', propertySourceProperties = '{org.springframework.boot.test.context.SpringBootTestContextBootstrapper=true}', contextCustomizers = set[org.springframework.boot.test.autoconfigure.actuate.metrics.MetricsExportContextCustomizerFactory$DisableMetricExportContextCustomizer@4b3c354a, org.springframework.boot.test.autoconfigure.properties.PropertyMappingContextCustomizer@4b3fa0b3, org.springframework.boot.test.autoconfigure.web.servlet.WebDriverContextCustomizerFactory$Customizer@293d0107, [ImportsContextCustomizer@57dcdc14 key = [org.springframework.boot.test.autoconfigure.web.servlet.MockMvcAutoConfiguration, org.springframework.boot.test.autoconfigure.web.servlet.MockMvcWebClientAutoConfiguration, org.springframework.boot.test.autoconfigure.web.servlet.MockMvcWebDriverAutoConfiguration, org.springframework.boot.autoconfigure.security.oauth2.client.servlet.OAuth2ClientAutoConfiguration, org.springframework.boot.autoconfigure.security.oauth2.resource.servlet.OAuth2ResourceServerAutoConfiguration, org.springframework.boot.autoconfigure.security.servlet.SecurityAutoConfiguration, org.springframework.boot.autoconfigure.security.servlet.SecurityFilterAutoConfiguration, org.springframework.boot.autoconfigure.security.servlet.UserDetailsServiceAutoConfiguration, org.springframework.boot.test.autoconfigure.web.servlet.MockMvcSecurityConfiguration, org.springframework.boot.test.autoconfigure.web.reactive.WebTestClientAutoConfiguration]], org.springframework.boot.test.context.filter.ExcludeFilterContextCustomizer@62fad19, org.springframework.boot.test.json.DuplicateJsonObjectContextCustomizerFactory$DuplicateJsonObjectContextCustomizer@4f2613d1, org.springframework.boot.test.mock.mockito.MockitoContextCustomizer@0, org.springframework.boot.test.web.client.TestRestTemplateContextCustomizer@1c55f277, org.springframework.boot.test.context.SpringBootTestArgs@1, org.springframework.boot.test.context.SpringBootTestWebEnvironment@4ea5b703], resourceBasePath = 'src/main/webapp', contextLoader = 'org.springframework.boot.test.context.SpringBootContextLoader', parent = [null]], attributes = map['org.springframework.test.context.web.ServletTestExecutionListener.activateListener' -> true, 'org.springframework.test.context.web.ServletTestExecutionListener.populatedRequestContextHolder' -> true, 'org.springframework.test.context.web.ServletTestExecutionListener.resetRequestContextHolder' -> true, 'org.springframework.test.context.event.ApplicationEventsTestExecutionListener.recordApplicationEvents' -> false]]
]]></system-out>
  <system-err><![CDATA[]]></system-err>
</testsuite>
